2014-09-17 00:54:04 INFO  Dsyncserver:? - kickstarting server..
2014-09-17 00:54:04 DEBUG InternalLoggerFactory:46 - Using Log4J as the default logging framework
2014-09-17 00:54:04 DEBUG MultithreadEventLoopGroup:41 - -Dio.netty.eventLoopThreads: 8
2014-09-17 00:54:04 DEBUG PlatformDependent:463 - UID: 1000
2014-09-17 00:54:04 DEBUG PlatformDependent:540 - Java version: 7
2014-09-17 00:54:04 DEBUG PlatformDependent:547 - -Dio.netty.noUnsafe: false
2014-09-17 00:54:04 DEBUG PlatformDependent0:61 - sun.nio.ch.DirectBuffer.cleaner(): available
2014-09-17 00:54:04 DEBUG PlatformDependent0:81 - java.nio.Buffer.address: available
2014-09-17 00:54:04 DEBUG PlatformDependent0:89 - sun.misc.Unsafe.theUnsafe: available
2014-09-17 00:54:04 DEBUG PlatformDependent0:99 - sun.misc.Unsafe.copyMemory: available
2014-09-17 00:54:04 DEBUG PlatformDependent0:138 - java.nio.Bits.unaligned: true
2014-09-17 00:54:04 DEBUG PlatformDependent:574 - sun.misc.Unsafe: available
2014-09-17 00:54:04 DEBUG PlatformDependent:657 - -Dio.netty.noJavassist: false
2014-09-17 00:54:04 DEBUG PlatformDependent:670 - Javassist: unavailable
2014-09-17 00:54:04 DEBUG PlatformDependent:671 - You don't have Javassist in your class path or you don't have enough permission to load dynamically generated classes.  Please check the configuration for better performance.
2014-09-17 00:54:04 DEBUG PlatformDependent:689 - -Dio.netty.tmpdir: /tmp (java.io.tmpdir)
2014-09-17 00:54:04 DEBUG PlatformDependent:770 - -Dio.netty.bitMode: 32 (sun.arch.data.model)
2014-09-17 00:54:04 DEBUG PlatformDependent:86 - -Dio.netty.noPreferDirect: false
2014-09-17 00:54:04 DEBUG NioEventLoop:88 - -Dio.netty.noKeySetOptimization: false
2014-09-17 00:54:04 DEBUG NioEventLoop:89 - -Dio.netty.selectorAutoRebuildThreshold: 512
2014-09-17 00:54:04 DEBUG ThreadLocalRandom:147 - -Dio.netty.initialSeedUniquifier: 0xece15ba3a8f8507c
2014-09-17 00:54:04 DEBUG ChannelOutboundBuffer:57 - -Dio.netty.threadLocalDirectBufferSize: 65536
2014-09-17 00:54:04 DEBUG Recycler:50 - -Dio.netty.recycler.maxCapacity.default: 262144
2014-09-17 00:54:04 DEBUG ByteBufUtil:55 - -Dio.netty.allocator.type: unpooled
2014-09-17 00:54:04 DEBUG NetUtil:155 - Loopback interface: lo (lo, 0:0:0:0:0:0:0:1%1)
2014-09-17 00:54:04 DEBUG NetUtil:187 - /proc/sys/net/core/somaxconn: 128
2014-09-17 00:54:04 INFO  Dsyncserver:? - com.neoba.Dsyncserver started and listen on /0:0:0:0:0:0:0:0:2811
2014-09-17 00:54:17 DEBUG ResourceLeakDetector:91 - -Dio.netty.leakDetectionLevel: simple
2014-09-17 00:54:17 INFO  DsyncserverHandler:? - Message Received from ip /127.0.0.1:36183:1
2014-09-17 00:54:17 DEBUG Utils:? - buffer : request
2014-09-17 00:54:17 DEBUG Utils:? - size : 6 bytes
2014-09-17 00:54:17 DEBUG Utils:? - 01 01 50 49 4E 47             . . P I N G 
2014-09-17 00:54:17 INFO  MessageInterpreter:? - Ping received
2014-09-17 00:54:17 DEBUG Utils:? - buffer : response
2014-09-17 00:54:17 DEBUG Utils:? - size : 6 bytes
2014-09-17 00:54:17 DEBUG Utils:? - 01 01 50 4F 4E 47             . . P O N G 
2014-09-17 00:54:17 INFO  DsyncserverHandler:? - Message Responded :1
2014-09-17 00:54:28 INFO  DsyncserverHandler:? - Message Received from ip /127.0.0.1:36184:2
2014-09-17 00:54:28 DEBUG Utils:? - buffer : request
2014-09-17 00:54:28 DEBUG Utils:? - size : 27 bytes
2014-09-17 00:54:28 DEBUG Utils:? - 01 05 00 00 00 01 7A 39 5D F8 . . . . . . z 9 ] . 
2014-09-17 00:54:28 DEBUG Utils:? - F7 C5 1F 00 70 19 CB 30 20 1C . .  . p . . 0   . 
2014-09-17 00:54:28 DEBUG Utils:? - 49 E8 84 B4 6B 92 FA          I . . . k . . 
2014-09-17 00:54:28 INFO  MessageInterpreter:? - creating user z
2014-09-17 00:54:29 INFO  UserCreateMessage:? - created user {"username":"z","password":"395DF8F7C51F007019CB30201C49E884B46B92FA","type":"user","followers":[],"gcm_registration":"","following":[],"docs":[],"edit_docs":[]}
2014-09-17 00:54:29 DEBUG Utils:? - buffer : response
2014-09-17 00:54:29 DEBUG Utils:? - size : 6 bytes
2014-09-17 00:54:29 DEBUG Utils:? - 01 05 00 00 FF FF             . . . . . . 
2014-09-17 00:54:29 INFO  DsyncserverHandler:? - Message Responded :2
2014-09-17 00:54:32 INFO  DsyncserverHandler:? - Message Received from ip /127.0.0.1:36184:3
2014-09-17 00:54:32 DEBUG Utils:? - buffer : request
2014-09-17 00:54:32 DEBUG Utils:? - size : 27 bytes
2014-09-17 00:54:32 DEBUG Utils:? - 01 05 00 00 00 01 78 11 F6 AD . . . . . . x . . . 
2014-09-17 00:54:32 DEBUG Utils:? - 8E C5 2A 29 84 AB AA FD 7C 3B . . * ) . . . . | ; 
2014-09-17 00:54:32 DEBUG Utils:? - 51 65 03 78 5C 20 72          Q e . x \   r 
2014-09-17 00:54:32 INFO  MessageInterpreter:? - creating user x
2014-09-17 00:54:33 INFO  UserCreateMessage:? - created user {"username":"x","password":"11F6AD8EC52A2984ABAAFD7C3B516503785C2072","type":"user","followers":[],"gcm_registration":"","following":[],"docs":[],"edit_docs":[]}
2014-09-17 00:54:33 DEBUG Utils:? - buffer : response
2014-09-17 00:54:33 DEBUG Utils:? - size : 6 bytes
2014-09-17 00:54:33 DEBUG Utils:? - 01 05 00 00 FF FF             . . . . . . 
2014-09-17 00:54:33 INFO  DsyncserverHandler:? - Message Responded :3
2014-09-17 00:54:41 INFO  DsyncserverHandler:? - Message Received from ip /127.0.0.1:36187:4
2014-09-17 00:54:41 DEBUG Utils:? - buffer : request
2014-09-17 00:54:41 DEBUG Utils:? - size : 39 bytes
2014-09-17 00:54:41 DEBUG Utils:? - 01 06 00 00 00 01 7A 39 5D F8 . . . . . . z 9 ] . 
2014-09-17 00:54:41 DEBUG Utils:? - F7 C5 1F 00 70 19 CB 30 20 1C . .  . p . . 0   . 
2014-09-17 00:54:41 DEBUG Utils:? - 49 E8 84 B4 6B 92 FA 0C 00 00 I . . . k . . . . . 
2014-09-17 00:54:41 DEBUG Utils:? - 00 07 43 4F 4E 53 4F 4C 45    . . C O N S O L E 
2014-09-17 00:54:41 INFO  MessageInterpreter:? - user agent detected: Console
2014-09-17 00:54:41 DEBUG MessageInterpreter:? - User Agent: 12
2014-09-17 00:54:41 INFO  MessageInterpreter:? - logging in new user
2014-09-17 00:54:41 INFO  UserLoginMessage:? - z :user found
2014-09-17 00:54:41 INFO  UserLoginMessage:? - z :session- 14a44557-1f3f-412f-a23a-7f5a7187e537
2014-09-17 00:54:41 INFO  MessageInterpreter:? - new user session: 1152921504606846978 z
2014-09-17 00:54:41 INFO  MessageInterpreter:? - user_agents: {14a44557-1f3f-412f-a23a-7f5a7187e537=12}
2014-09-17 00:54:41 DEBUG Utils:? - buffer : response
2014-09-17 00:54:41 DEBUG Utils:? - size : 22 bytes
2014-09-17 00:54:41 DEBUG Utils:? - 01 06 00 00 FF FF A2 3A 7F 5A . . . . . . . :  Z 
2014-09-17 00:54:41 DEBUG Utils:? - 71 87 E5 37 14 A4 45 57 1F 3F q . . 7 . . E W  ? 
2014-09-17 00:54:41 DEBUG Utils:? - 41 2F                         A / 
2014-09-17 00:54:41 INFO  DsyncserverHandler:? - Message Responded :4
2014-09-17 00:55:41 INFO  DsyncserverHandler:? - Message Received from ip /127.0.0.1:36191:5
2014-09-17 00:55:41 DEBUG Utils:? - buffer : request
2014-09-17 00:55:41 DEBUG Utils:? - size : 39 bytes
2014-09-17 00:55:41 DEBUG Utils:? - 01 06 00 00 00 01 78 11 F6 AD . . . . . . x . . . 
2014-09-17 00:55:41 DEBUG Utils:? - 8E C5 2A 29 84 AB AA FD 7C 3B . . * ) . . . . | ; 
2014-09-17 00:55:41 DEBUG Utils:? - 51 65 03 78 5C 20 72 0C 00 00 Q e . x \   r . . . 
2014-09-17 00:55:41 DEBUG Utils:? - 00 07 43 4F 4E 53 4F 4C 45    . . C O N S O L E 
2014-09-17 00:55:41 INFO  MessageInterpreter:? - user agent detected: Console
2014-09-17 00:55:41 DEBUG MessageInterpreter:? - User Agent: 12
2014-09-17 00:55:41 INFO  MessageInterpreter:? - logging in new user
2014-09-17 00:55:41 INFO  UserLoginMessage:? - x :user found
2014-09-17 00:55:41 INFO  UserLoginMessage:? - x :session- d64741a8-767c-41e4-b846-7e7810fc2093
2014-09-17 00:55:41 INFO  MessageInterpreter:? - new user session: 1152921504606846979 x
2014-09-17 00:55:41 INFO  MessageInterpreter:? - user_agents: {14a44557-1f3f-412f-a23a-7f5a7187e537=12, d64741a8-767c-41e4-b846-7e7810fc2093=12}
2014-09-17 00:55:41 DEBUG Utils:? - buffer : response
2014-09-17 00:55:41 DEBUG Utils:? - size : 22 bytes
2014-09-17 00:55:41 DEBUG Utils:? - 01 06 00 00 FF FF B8 46 7E 78 . . . . . . . F ~ x 
2014-09-17 00:55:41 DEBUG Utils:? - 10 FC 20 93 D6 47 41 A8 76 7C . .   . . G A . v | 
2014-09-17 00:55:41 DEBUG Utils:? - 41 E4                         A . 
2014-09-17 00:55:41 INFO  DsyncserverHandler:? - Message Responded :5
2014-09-17 00:55:58 INFO  DsyncserverHandler:? - Message Received from ip /127.0.0.1:36193:6
2014-09-17 00:55:58 DEBUG Utils:? - buffer : request
2014-09-17 00:55:58 DEBUG Utils:? - size : 38 bytes
2014-09-17 00:55:58 DEBUG Utils:? - 01 02 00 00 FF FF B8 46 7E 78 . . . . . . . F ~ x 
2014-09-17 00:55:58 DEBUG Utils:? - 10 FC 20 93 D6 47 41 A8 76 7C . .   . . G A . v | 
2014-09-17 00:55:58 DEBUG Utils:? - 41 E4 B0 0B 2B 78 30 F5 7D 3B A . . . + x 0 . } ; 
2014-09-17 00:55:58 DEBUG Utils:? - A2 6B DC A8 75 38 4F 0D       . k . . u 8 O . 
2014-09-17 00:55:58 INFO  MessageInterpreter:? - Authenticated message from user 1152921504606846979 with session d64741a8-767c-41e4-b846-7e7810fc2093
2014-09-17 00:55:58 INFO  MessageInterpreter:? - d64741a8-767c-41e4-b846-7e7810fc2093 :creating new document- 
2014-09-17 00:55:58 INFO  DocumentCreateMessage:? - d64741a8-767c-41e4-b846-7e7810fc2093: Created new Document [a26bdca8-7538-4f0d-b00b-2b7830f57d3b] : {"dict":"","diff":[-42,-61,-60,0,0],"version":-1,"type":"document","title":"","creator":"1152921504606846979","global":false,"history":[],"permission_read":[],"permission_edit":[]}
2014-09-17 00:55:58 DEBUG Utils:? - buffer : response
2014-09-17 00:55:58 DEBUG Utils:? - size : 22 bytes
2014-09-17 00:55:58 DEBUG Utils:? - 01 02 00 00 FF FF B0 0B 2B 78 . . . . . . . . + x 
2014-09-17 00:55:58 DEBUG Utils:? - 30 F5 7D 3B A2 6B DC A8 75 38 0 . } ; . k . . u 8 
2014-09-17 00:55:58 DEBUG Utils:? - 4F 0D                         O . 
2014-09-17 00:55:58 INFO  DsyncserverHandler:? - Message Responded :6
2014-09-17 00:56:09 INFO  DsyncserverHandler:? - Message Received from ip /127.0.0.1:36194:7
2014-09-17 00:56:09 DEBUG Utils:? - buffer : request
2014-09-17 00:56:09 DEBUG Utils:? - size : 66 bytes
2014-09-17 00:56:09 DEBUG Utils:? - 01 03 00 00 00 18 B8 46 7E 78 . . . . . . . F ~ x 
2014-09-17 00:56:09 DEBUG Utils:? - 10 FC 20 93 D6 47 41 A8 76 7C . .   . . G A . v | 
2014-09-17 00:56:09 DEBUG Utils:? - 41 E4 B0 0B 2B 78 30 F5 7D 3B A . . . + x 0 . } ; 
2014-09-17 00:56:09 DEBUG Utils:? - A2 6B DC A8 75 38 4F 0D D6 C3 . k . . u 8 O . . . 
2014-09-17 00:56:09 DEBUG Utils:? - C4 00 00 01 00 00 0F 09 00 09 . . . . . . . . . . 
2014-09-17 00:56:09 DEBUG Utils:? - 01 00 63 68 72 6F 6E 69 63 61 . . c h r o n i c a 
2014-09-17 00:56:09 DEBUG Utils:? - 6C 0A 00 00 00 00             l . . . . . 
2014-09-17 00:56:09 INFO  MessageInterpreter:? - Authenticated message from user 1152921504606846979 with session d64741a8-767c-41e4-b846-7e7810fc2093
2014-09-17 00:56:09 INFO  MessageInterpreter:? - d64741a8-767c-41e4-b846-7e7810fc2093 :editing document - a26bdca8-7538-4f0d-b00b-2b7830f57d3b
2014-09-17 00:56:09 INFO  DocumentEditMessage:? - d64741a8-767c-41e4-b846-7e7810fc2093 :edited by the creator itself
2014-09-17 00:56:09 DEBUG DocumentEditMessage:? - d64741a8-767c-41e4-b846-7e7810fc2093 editors of the document- []
2014-09-17 00:56:09 DEBUG DocumentEditMessage:? - d64741a8-767c-41e4-b846-7e7810fc2093 readers of the document- []
2014-09-17 00:56:09 INFO  DocumentEditMessage:? - d64741a8-767c-41e4-b846-7e7810fc2093 :sync check passed
2014-09-17 00:56:09 DEBUG Utils:? - buffer : diff_received
2014-09-17 00:56:09 DEBUG Utils:? - size : 24 bytes
2014-09-17 00:56:09 DEBUG Utils:? - D6 C3 C4 00 00 01 00 00 0F 09 . . . . . . . . . . 
2014-09-17 00:56:09 DEBUG Utils:? - 00 09 01 00 63 68 72 6F 6E 69 . . . . c h r o n i 
2014-09-17 00:56:09 DEBUG Utils:? - 63 61 6C 0A                   c a l . 
2014-09-17 00:56:09 INFO  DocumentEditMessage:? - d64741a8-767c-41e4-b846-7e7810fc2093 :dictionary updated
2014-09-17 00:56:09 INFO  DocumentEditMessage:? - d64741a8-767c-41e4-b846-7e7810fc2093 :new dictionary- chronical
2014-09-17 00:56:09 INFO  DocumentEditMessage:? - d64741a8-767c-41e4-b846-7e7810fc2093 's copy: chronical
2014-09-17 00:56:09 INFO  DocumentEditMessage:? - d64741a8-767c-41e4-b846-7e7810fc2093 version: 0
2014-09-17 00:56:09 DEBUG DocumentEditMessage:? - d64741a8-767c-41e4-b846-7e7810fc2093 GCM ids: []
2014-09-17 00:56:09 DEBUG Utils:? - buffer : response
2014-09-17 00:56:09 DEBUG Utils:? - size : 6 bytes
2014-09-17 00:56:09 DEBUG Utils:? - 01 03 00 00 FF FF             . . . . . . 
2014-09-17 00:56:09 INFO  DsyncserverHandler:? - Message Responded :7
2014-09-17 00:56:16 INFO  DsyncserverHandler:? - Message Received from ip /127.0.0.1:36196:8
2014-09-17 00:56:16 DEBUG Utils:? - buffer : request
2014-09-17 00:56:16 DEBUG Utils:? - size : 23 bytes
2014-09-17 00:56:16 DEBUG Utils:? - 01 07 00 00 00 01 A2 3A 7F 5A . . . . . . . :  Z 
2014-09-17 00:56:16 DEBUG Utils:? - 71 87 E5 37 14 A4 45 57 1F 3F q . . 7 . . E W  ? 
2014-09-17 00:56:16 DEBUG Utils:? - 41 2F 78                      A / x 
2014-09-17 00:56:16 INFO  MessageInterpreter:? - Authenticated message from user 1152921504606846978 with session 14a44557-1f3f-412f-a23a-7f5a7187e537
2014-09-17 00:56:16 INFO  MessageInterpreter:? - 14a44557-1f3f-412f-a23a-7f5a7187e537 :following user x
2014-09-17 00:56:16 DEBUG Utils:? - buffer : response
2014-09-17 00:56:16 DEBUG Utils:? - size : 14 bytes
2014-09-17 00:56:16 DEBUG Utils:? - 01 07 00 00 FF FF 10 00 00 00 . . . . . . . . . . 
2014-09-17 00:56:16 DEBUG Utils:? - 00 00 00 03                   . . . . 
2014-09-17 00:56:16 INFO  DsyncserverHandler:? - Message Responded :8
2014-09-17 00:57:07 INFO  DsyncserverHandler:? - Message Received from ip /127.0.0.1:36199:9
2014-09-17 00:57:07 DEBUG Utils:? - buffer : request
2014-09-17 00:57:07 DEBUG Utils:? - size : 22 bytes
2014-09-17 00:57:07 DEBUG Utils:? - 01 04 00 00 FF FF B8 46 7E 78 . . . . . . . F ~ x 
2014-09-17 00:57:07 DEBUG Utils:? - 10 FC 20 93 D6 47 41 A8 76 7C . .   . . G A . v | 
2014-09-17 00:57:07 DEBUG Utils:? - 41 E4                         A . 
2014-09-17 00:57:07 INFO  MessageInterpreter:? - Authenticated message from user 1152921504606846979 with session d64741a8-767c-41e4-b846-7e7810fc2093
2014-09-17 00:57:07 INFO  MessageInterpreter:? - d64741a8-767c-41e4-b846-7e7810fc2093 :getting digest
2014-09-17 00:57:08 DEBUG GetDigestMessage:? - d64741a8-767c-41e4-b846-7e7810fc2093 :calculating digest of  version 0
2014-09-17 00:57:08 DEBUG GetDigestMessage:? - d64741a8-767c-41e4-b846-7e7810fc2093 :digesting doc  version 0
2014-09-17 00:57:08 DEBUG GetDigestMessage:? - d64741a8-767c-41e4-b846-7e7810fc2093 :digesting follower z
2014-09-17 00:57:08 DEBUG GetDigestMessage:? - d64741a8-767c-41e4-b846-7e7810fc2093 :digested permissions info 
2014-09-17 00:57:08 INFO  GetDigestMessage:? - d64741a8-767c-41e4-b846-7e7810fc2093 :digestion successful 
2014-09-17 00:57:08 DEBUG Utils:? - buffer : response
2014-09-17 00:57:08 DEBUG Utils:? - size : 126 bytes
2014-09-17 00:57:08 DEBUG Utils:? - 01 04 00 00 00 01 B0 0B 2B 78 . . . . . . . . + x 
2014-09-17 00:57:08 DEBUG Utils:? - 30 F5 7D 3B A2 6B DC A8 75 38 0 . } ; . k . . u 8 
2014-09-17 00:57:08 DEBUG Utils:? - 4F 0D 00 00 00 18 D6 C3 C4 00 O . . . . . . . . . 
2014-09-17 00:57:08 DEBUG Utils:? - 00 01 09 00 0F 09 00 09 01 00 . . . . . . . . . . 
2014-09-17 00:57:08 DEBUG Utils:? - 63 68 72 6F 6E 69 63 61 6C 0A c h r o n i c a l . 
2014-09-17 00:57:08 DEBUG Utils:? - 00 00 00 09 63 68 72 6F 6E 69 . . . . c h r o n i 
2014-09-17 00:57:08 DEBUG Utils:? - 63 61 6C 00 00 00 00 00 00 00 c a l . . . . . . . 
2014-09-17 00:57:08 DEBUG Utils:? - 00 02 01 00 00 00 01 00 00 00 . . . . . . . . . . 
2014-09-17 00:57:08 DEBUG Utils:? - 01 7A 10 00 00 00 00 00 00 02 . z . . . . . . . . 
2014-09-17 00:57:08 DEBUG Utils:? - 00 00 00 00 00 00 00 01 B0 0B . . . . . . . . . . 
2014-09-17 00:57:08 DEBUG Utils:? - 2B 78 30 F5 7D 3B A2 6B DC A8 + x 0 . } ; . k . . 
2014-09-17 00:57:08 DEBUG Utils:? - 75 38 4F 0D 00 00 00 00 00 00 u 8 O . . . . . . . 
2014-09-17 00:57:08 DEBUG Utils:? - 00 00 00 00 00 00             . . . . . . 
2014-09-17 00:57:08 INFO  DsyncserverHandler:? - Message Responded :9
2014-09-17 00:57:27 INFO  DsyncserverHandler:? - Message Received from ip /127.0.0.1:36201:10
2014-09-17 00:57:27 DEBUG Utils:? - buffer : request
2014-09-17 00:57:27 DEBUG Utils:? - size : 47 bytes
2014-09-17 00:57:27 DEBUG Utils:? - 01 08 00 00 00 01 B8 46 7E 78 . . . . . . . F ~ x 
2014-09-17 00:57:27 DEBUG Utils:? - 10 FC 20 93 D6 47 41 A8 76 7C . .   . . G A . v | 
2014-09-17 00:57:27 DEBUG Utils:? - 41 E4 B0 0B 2B 78 30 F5 7D 3B A . . . + x 0 . } ; 
2014-09-17 00:57:27 DEBUG Utils:? - A2 6B DC A8 75 38 4F 0D 02 10 . k . . u 8 O . . . 
2014-09-17 00:57:27 DEBUG Utils:? - 00 00 00 00 00 00 02          . . . . . . . 
2014-09-17 00:57:27 INFO  MessageInterpreter:? - Authenticated message from user 1152921504606846979 with session d64741a8-767c-41e4-b846-7e7810fc2093
2014-09-17 00:57:27 INFO  MessageInterpreter:? - d64741a8-767c-41e4-b846-7e7810fc2093 granting permissions: to doc a26bdca8-7538-4f0d-b00b-2b7830f57d3b: {1152921504606846978=2}
2014-09-17 00:57:28 DEBUG GrantPermissionMessage:? - d64741a8-767c-41e4-b846-7e7810fc2093 :readset before: []
2014-09-17 00:57:28 DEBUG GrantPermissionMessage:? - d64741a8-767c-41e4-b846-7e7810fc2093 :editset before: []
2014-09-17 00:57:28 DEBUG GrantPermissionMessage:? - d64741a8-767c-41e4-b846-7e7810fc2093 :processed[1152921504606846978]; readset after: [1152921504606846978]
2014-09-17 00:57:28 DEBUG GrantPermissionMessage:? - d64741a8-767c-41e4-b846-7e7810fc2093 :processed[1152921504606846978]; editset after: [1152921504606846978]
2014-09-17 00:57:28 INFO  GrantPermissionMessage:? - d64741a8-767c-41e4-b846-7e7810fc2093 : updated reads permissions- ["1152921504606846978"]
2014-09-17 00:57:28 INFO  GrantPermissionMessage:? - d64741a8-767c-41e4-b846-7e7810fc2093 : updated edit permissions- ["1152921504606846978"]
2014-09-17 00:57:28 DEBUG Utils:? - buffer : response
2014-09-17 00:57:28 DEBUG Utils:? - size : 6 bytes
2014-09-17 00:57:28 DEBUG Utils:? - 01 08 00 00 FF FF             . . . . . . 
2014-09-17 00:57:28 INFO  DsyncserverHandler:? - Message Responded :10
2014-09-17 00:57:32 INFO  DsyncserverHandler:? - Message Received from ip /127.0.0.1:36203:11
2014-09-17 00:57:32 DEBUG Utils:? - buffer : request
2014-09-17 00:57:32 DEBUG Utils:? - size : 22 bytes
2014-09-17 00:57:32 DEBUG Utils:? - 01 04 00 00 FF FF A2 3A 7F 5A . . . . . . . :  Z 
2014-09-17 00:57:32 DEBUG Utils:? - 71 87 E5 37 14 A4 45 57 1F 3F q . . 7 . . E W  ? 
2014-09-17 00:57:32 DEBUG Utils:? - 41 2F                         A / 
2014-09-17 00:57:32 INFO  MessageInterpreter:? - Authenticated message from user 1152921504606846978 with session 14a44557-1f3f-412f-a23a-7f5a7187e537
2014-09-17 00:57:32 INFO  MessageInterpreter:? - 14a44557-1f3f-412f-a23a-7f5a7187e537 :getting digest
2014-09-17 00:57:33 DEBUG GetDigestMessage:? - 14a44557-1f3f-412f-a23a-7f5a7187e537 :calculating digest of  version 0
2014-09-17 00:57:33 DEBUG GetDigestMessage:? - 14a44557-1f3f-412f-a23a-7f5a7187e537 :digesting doc  version 0
2014-09-17 00:57:33 DEBUG GetDigestMessage:? - 14a44557-1f3f-412f-a23a-7f5a7187e537 :digesting follower x
2014-09-17 00:57:33 DEBUG GetDigestMessage:? - 14a44557-1f3f-412f-a23a-7f5a7187e537 :digested permissions info 
2014-09-17 00:57:33 INFO  GetDigestMessage:? - 14a44557-1f3f-412f-a23a-7f5a7187e537 :digestion successful 
2014-09-17 00:57:33 DEBUG Utils:? - buffer : response
2014-09-17 00:57:33 DEBUG Utils:? - size : 102 bytes
2014-09-17 00:57:33 DEBUG Utils:? - 01 04 00 00 00 01 B0 0B 2B 78 . . . . . . . . + x 
2014-09-17 00:57:33 DEBUG Utils:? - 30 F5 7D 3B A2 6B DC A8 75 38 0 . } ; . k . . u 8 
2014-09-17 00:57:33 DEBUG Utils:? - 4F 0D 00 00 00 18 D6 C3 C4 00 O . . . . . . . . . 
2014-09-17 00:57:33 DEBUG Utils:? - 00 01 09 00 0F 09 00 09 01 00 . . . . . . . . . . 
2014-09-17 00:57:33 DEBUG Utils:? - 63 68 72 6F 6E 69 63 61 6C 0A c h r o n i c a l . 
2014-09-17 00:57:33 DEBUG Utils:? - 00 00 00 09 63 68 72 6F 6E 69 . . . . c h r o n i 
2014-09-17 00:57:33 DEBUG Utils:? - 63 61 6C 00 00 00 00 00 00 00 c a l . . . . . . . 
2014-09-17 00:57:33 DEBUG Utils:? - 00 02 00 00 00 00 00 00 00 00 . . . . . . . . . . 
2014-09-17 00:57:33 DEBUG Utils:? - 01 00 00 00 01 78 10 00 00 00 . . . . . x . . . . 
2014-09-17 00:57:33 DEBUG Utils:? - 00 00 00 03 00 00 00 00 00 00 . . . . . . . . . . 
2014-09-17 00:57:33 DEBUG Utils:? - 00 00                         . . 
2014-09-17 00:57:33 INFO  DsyncserverHandler:? - Message Responded :11
2014-09-17 00:57:40 INFO  DsyncserverHandler:? - Message Received from ip /127.0.0.1:36204:12
2014-09-17 00:57:40 DEBUG Utils:? - buffer : request
2014-09-17 00:57:40 DEBUG Utils:? - size : 64 bytes
2014-09-17 00:57:40 DEBUG Utils:? - 01 03 00 00 00 16 A2 3A 7F 5A . . . . . . . :  Z 
2014-09-17 00:57:40 DEBUG Utils:? - 71 87 E5 37 14 A4 45 57 1F 3F q . . 7 . . E W  ? 
2014-09-17 00:57:40 DEBUG Utils:? - 41 2F B0 0B 2B 78 30 F5 7D 3B A / . . + x 0 . } ; 
2014-09-17 00:57:40 DEBUG Utils:? - A2 6B DC A8 75 38 4F 0D D6 C3 . k . . u 8 O . . . 
2014-09-17 00:57:40 DEBUG Utils:? - C4 00 00 01 09 00 0D 07 00 07 . . . . . . . . . . 
2014-09-17 00:57:40 DEBUG Utils:? - 01 00 73 70 61 63 65 79 3F 08 . . s p a c e y ? . 
2014-09-17 00:57:40 DEBUG Utils:? - 00 00 00 01                   . . . . 
2014-09-17 00:57:40 INFO  MessageInterpreter:? - Authenticated message from user 1152921504606846978 with session 14a44557-1f3f-412f-a23a-7f5a7187e537
2014-09-17 00:57:40 INFO  MessageInterpreter:? - 14a44557-1f3f-412f-a23a-7f5a7187e537 :editing document - a26bdca8-7538-4f0d-b00b-2b7830f57d3b
2014-09-17 00:57:40 DEBUG DocumentEditMessage:? - 14a44557-1f3f-412f-a23a-7f5a7187e537 editors of the document- ["1152921504606846978"]
2014-09-17 00:57:40 DEBUG DocumentEditMessage:? - 14a44557-1f3f-412f-a23a-7f5a7187e537 readers of the document- ["1152921504606846978"]
2014-09-17 00:57:40 INFO  DocumentEditMessage:? - 14a44557-1f3f-412f-a23a-7f5a7187e537 :edited as editor: 1152921504606846978
2014-09-17 00:57:40 INFO  DocumentEditMessage:? - 14a44557-1f3f-412f-a23a-7f5a7187e537 :sync check passed
2014-09-17 00:57:40 DEBUG Utils:? - buffer : diff_received
2014-09-17 00:57:40 DEBUG Utils:? - size : 22 bytes
2014-09-17 00:57:40 DEBUG Utils:? - D6 C3 C4 00 00 01 09 00 0D 07 . . . . . . . . . . 
2014-09-17 00:57:40 DEBUG Utils:? - 00 07 01 00 73 70 61 63 65 79 . . . . s p a c e y 
2014-09-17 00:57:40 DEBUG Utils:? - 3F 08                         ? . 
2014-09-17 00:57:40 INFO  DocumentEditMessage:? - 14a44557-1f3f-412f-a23a-7f5a7187e537 's copy: spacey?
2014-09-17 00:57:40 INFO  DocumentEditMessage:? - 14a44557-1f3f-412f-a23a-7f5a7187e537 version: 1
2014-09-17 00:57:40 DEBUG DocumentEditMessage:? - 14a44557-1f3f-412f-a23a-7f5a7187e537 GCM ids: []
2014-09-17 00:57:40 DEBUG Utils:? - buffer : response
2014-09-17 00:57:40 DEBUG Utils:? - size : 6 bytes
2014-09-17 00:57:40 DEBUG Utils:? - 01 03 00 00 FF FF             . . . . . . 
2014-09-17 00:57:40 INFO  DsyncserverHandler:? - Message Responded :12
2014-09-17 00:57:48 INFO  DsyncserverHandler:? - Message Received from ip /127.0.0.1:36205:13
2014-09-17 00:57:48 DEBUG Utils:? - buffer : request
2014-09-17 00:57:48 DEBUG Utils:? - size : 62 bytes
2014-09-17 00:57:48 DEBUG Utils:? - 01 03 00 00 00 14 B8 46 7E 78 . . . . . . . F ~ x 
2014-09-17 00:57:48 DEBUG Utils:? - 10 FC 20 93 D6 47 41 A8 76 7C . .   . . G A . v | 
2014-09-17 00:57:48 DEBUG Utils:? - 41 E4 B0 0B 2B 78 30 F5 7D 3B A . . . + x 0 . } ; 
2014-09-17 00:57:48 DEBUG Utils:? - A2 6B DC A8 75 38 4F 0D D6 C3 . k . . u 8 O . . . 
2014-09-17 00:57:48 DEBUG Utils:? - C4 00 00 01 09 00 0B 05 00 05 . . . . . . . . . . 
2014-09-17 00:57:48 DEBUG Utils:? - 01 00 67 61 6C 6C 73 06 00 00 . . g a l l s . . . 
2014-09-17 00:57:48 DEBUG Utils:? - 00 01                         . . 
2014-09-17 00:57:48 INFO  MessageInterpreter:? - Authenticated message from user 1152921504606846979 with session d64741a8-767c-41e4-b846-7e7810fc2093
2014-09-17 00:57:48 INFO  MessageInterpreter:? - d64741a8-767c-41e4-b846-7e7810fc2093 :editing document - a26bdca8-7538-4f0d-b00b-2b7830f57d3b
2014-09-17 00:57:48 INFO  DocumentEditMessage:? - d64741a8-767c-41e4-b846-7e7810fc2093 :edited by the creator itself
2014-09-17 00:57:48 DEBUG DocumentEditMessage:? - d64741a8-767c-41e4-b846-7e7810fc2093 editors of the document- ["1152921504606846978"]
2014-09-17 00:57:48 DEBUG DocumentEditMessage:? - d64741a8-767c-41e4-b846-7e7810fc2093 readers of the document- ["1152921504606846978"]
2014-09-17 00:57:48 ERROR DocumentEditMessage:? - d64741a8-767c-41e4-b846-7e7810fc2093 sync check failed.. received version: 1, expected version: 2
2014-09-17 00:57:48 ERROR DocumentEditMessage:? - d64741a8-767c-41e4-b846-7e7810fc2093 sync check failed.. using dictionary no.  0
2014-09-17 00:57:48 ERROR DocumentEditMessage:? - d64741a8-767c-41e4-b846-7e7810fc2093actual content of the sender: galls
2014-09-17 00:57:48 DEBUG Utils:? - buffer : diff_received
2014-09-17 00:57:48 DEBUG Utils:? - size : 20 bytes
2014-09-17 00:57:48 DEBUG Utils:? - D6 C3 C4 00 00 01 09 00 0B 05 . . . . . . . . . . 
2014-09-17 00:57:48 DEBUG Utils:? - 00 05 01 00 67 61 6C 6C 73 06 . . . . g a l l s . 
2014-09-17 00:57:48 DEBUG Utils:? -                               
2014-09-17 00:57:48 INFO  DocumentEditMessage:? - d64741a8-767c-41e4-b846-7e7810fc2093 's copy: galls
2014-09-17 00:57:48 INFO  DocumentEditMessage:? - d64741a8-767c-41e4-b846-7e7810fc2093 version: 2
2014-09-17 00:57:48 DEBUG DocumentEditMessage:? - d64741a8-767c-41e4-b846-7e7810fc2093 GCM ids: []
2014-09-17 00:57:48 DEBUG Utils:? - buffer : response
2014-09-17 00:57:48 DEBUG Utils:? - size : 23 bytes
2014-09-17 00:57:48 DEBUG Utils:? - 01 03 00 00 80 08 00 00 00 02 . . . . . . . . . . 
2014-09-17 00:57:48 DEBUG Utils:? - 00 00 00 09 63 68 72 6F 6E 69 . . . . c h r o n i 
2014-09-17 00:57:48 DEBUG Utils:? - 63 61 6C                      c a l 
2014-09-17 00:57:48 INFO  DsyncserverHandler:? - Message Responded :13
2014-09-17 00:58:09 INFO  DsyncserverHandler:? - Message Received from ip /127.0.0.1:36207:14
2014-09-17 00:58:09 DEBUG Utils:? - buffer : request
2014-09-17 00:58:09 DEBUG Utils:? - size : 84 bytes
2014-09-17 00:58:09 DEBUG Utils:? - 01 03 00 00 00 2A A2 3A 7F 5A . . . . . * . :  Z 
2014-09-17 00:58:09 DEBUG Utils:? - 71 87 E5 37 14 A4 45 57 1F 3F q . . 7 . . E W  ? 
2014-09-17 00:58:09 DEBUG Utils:? - 41 2F B0 0B 2B 78 30 F5 7D 3B A / . . + x 0 . } ; 
2014-09-17 00:58:09 DEBUG Utils:? - A2 6B DC A8 75 38 4F 0D D6 C3 . k . . u 8 O . . . 
2014-09-17 00:58:09 DEBUG Utils:? - C4 00 00 01 09 00 21 49 00 17 . . . . . . ! I . . 
2014-09-17 00:58:09 DEBUG Utils:? - 04 01 73 79 73 74 65 6D 61 74 . . s y s t e m a t 
2014-09-17 00:58:09 DEBUG Utils:? - 69 63 73 79 73 73 74 65 6D 61 i c s y s s t e m a 
2014-09-17 00:58:09 DEBUG Utils:? - 74 69 63 73 79 01 17 23 32 0A t i c s y . . # 2 . 
2014-09-17 00:58:09 DEBUG Utils:? - 00 00 00 02                   . . . . 
2014-09-17 00:58:09 INFO  MessageInterpreter:? - Authenticated message from user 1152921504606846978 with session 14a44557-1f3f-412f-a23a-7f5a7187e537
2014-09-17 00:58:09 INFO  MessageInterpreter:? - 14a44557-1f3f-412f-a23a-7f5a7187e537 :editing document - a26bdca8-7538-4f0d-b00b-2b7830f57d3b
2014-09-17 00:58:09 DEBUG DocumentEditMessage:? - 14a44557-1f3f-412f-a23a-7f5a7187e537 editors of the document- ["1152921504606846978"]
2014-09-17 00:58:09 DEBUG DocumentEditMessage:? - 14a44557-1f3f-412f-a23a-7f5a7187e537 readers of the document- ["1152921504606846978"]
2014-09-17 00:58:09 INFO  DocumentEditMessage:? - 14a44557-1f3f-412f-a23a-7f5a7187e537 :edited as editor: 1152921504606846978
2014-09-17 00:58:09 ERROR DocumentEditMessage:? - 14a44557-1f3f-412f-a23a-7f5a7187e537 sync check failed.. received version: 2, expected version: 3
2014-09-17 00:58:09 ERROR DocumentEditMessage:? - 14a44557-1f3f-412f-a23a-7f5a7187e537 sync check failed.. using dictionary no.  0
2014-09-17 00:58:09 ERROR DocumentEditMessage:? - 14a44557-1f3f-412f-a23a-7f5a7187e537actual content of the sender: systematicsysstematicsystematicsystematicsystematicsystematicsystematicsy
2014-09-17 00:58:10 DEBUG Utils:? - buffer : diff_received
2014-09-17 00:58:10 DEBUG Utils:? - size : 42 bytes
2014-09-17 00:58:10 DEBUG Utils:? - D6 C3 C4 00 00 01 09 00 21 49 . . . . . . . . ! I 
2014-09-17 00:58:10 DEBUG Utils:? - 00 17 04 01 73 79 73 74 65 6D . . . . s y s t e m 
2014-09-17 00:58:10 DEBUG Utils:? - 61 74 69 63 73 79 73 73 74 65 a t i c s y s s t e 
2014-09-17 00:58:10 DEBUG Utils:? - 6D 61 74 69 63 73 79 01 17 23 m a t i c s y . . # 
2014-09-17 00:58:10 DEBUG Utils:? - 32 0A                         2 . 
2014-09-17 00:58:10 INFO  DocumentEditMessage:? - 14a44557-1f3f-412f-a23a-7f5a7187e537 's copy: systematicsysstematicsystematicsystematicsystematicsystematicsystematicsy
2014-09-17 00:58:10 INFO  DocumentEditMessage:? - 14a44557-1f3f-412f-a23a-7f5a7187e537 version: 3
2014-09-17 00:58:10 DEBUG DocumentEditMessage:? - 14a44557-1f3f-412f-a23a-7f5a7187e537 GCM ids: []
2014-09-17 00:58:10 DEBUG Utils:? - buffer : response
2014-09-17 00:58:10 DEBUG Utils:? - size : 23 bytes
2014-09-17 00:58:10 DEBUG Utils:? - 01 03 00 00 80 08 00 00 00 03 . . . . . . . . . . 
2014-09-17 00:58:10 DEBUG Utils:? - 00 00 00 09 63 68 72 6F 6E 69 . . . . c h r o n i 
2014-09-17 00:58:10 DEBUG Utils:? - 63 61 6C                      c a l 
2014-09-17 00:58:10 INFO  DsyncserverHandler:? - Message Responded :14
2014-09-17 00:58:17 INFO  DsyncserverHandler:? - Message Received from ip /127.0.0.1:36209:15
2014-09-17 00:58:17 DEBUG Utils:? - buffer : request
2014-09-17 00:58:17 DEBUG Utils:? - size : 84 bytes
2014-09-17 00:58:17 DEBUG Utils:? - 01 03 00 00 00 2A A2 3A 7F 5A . . . . . * . :  Z 
2014-09-17 00:58:17 DEBUG Utils:? - 71 87 E5 37 14 A4 45 57 1F 3F q . . 7 . . E W  ? 
2014-09-17 00:58:17 DEBUG Utils:? - 41 2F B0 0B 2B 78 30 F5 7D 3B A / . . + x 0 . } ; 
2014-09-17 00:58:17 DEBUG Utils:? - A2 6B DC A8 75 38 4F 0D D6 C3 . k . . u 8 O . . . 
2014-09-17 00:58:17 DEBUG Utils:? - C4 00 00 01 09 00 21 48 00 17 . . . . . . ! H . . 
2014-09-17 00:58:17 DEBUG Utils:? - 04 01 73 79 73 74 65 6D 61 74 . . s y s t e m a t 
2014-09-17 00:58:17 DEBUG Utils:? - 69 63 73 79 73 73 74 65 6D 61 i c s y s s t e m a 
2014-09-17 00:58:17 DEBUG Utils:? - 74 69 63 73 79 01 17 23 31 0A t i c s y . . # 1 . 
2014-09-17 00:58:17 DEBUG Utils:? - 00 00 00 04                   . . . . 
2014-09-17 00:58:17 INFO  MessageInterpreter:? - Authenticated message from user 1152921504606846978 with session 14a44557-1f3f-412f-a23a-7f5a7187e537
2014-09-17 00:58:17 INFO  MessageInterpreter:? - 14a44557-1f3f-412f-a23a-7f5a7187e537 :editing document - a26bdca8-7538-4f0d-b00b-2b7830f57d3b
2014-09-17 00:58:17 DEBUG DocumentEditMessage:? - 14a44557-1f3f-412f-a23a-7f5a7187e537 editors of the document- ["1152921504606846978"]
2014-09-17 00:58:17 DEBUG DocumentEditMessage:? - 14a44557-1f3f-412f-a23a-7f5a7187e537 readers of the document- ["1152921504606846978"]
2014-09-17 00:58:17 INFO  DocumentEditMessage:? - 14a44557-1f3f-412f-a23a-7f5a7187e537 :edited as editor: 1152921504606846978
2014-09-17 00:58:17 INFO  DocumentEditMessage:? - 14a44557-1f3f-412f-a23a-7f5a7187e537 :sync check passed
2014-09-17 00:58:17 DEBUG Utils:? - buffer : diff_received
2014-09-17 00:58:17 DEBUG Utils:? - size : 42 bytes
2014-09-17 00:58:17 DEBUG Utils:? - D6 C3 C4 00 00 01 09 00 21 48 . . . . . . . . ! H 
2014-09-17 00:58:17 DEBUG Utils:? - 00 17 04 01 73 79 73 74 65 6D . . . . s y s t e m 
2014-09-17 00:58:17 DEBUG Utils:? - 61 74 69 63 73 79 73 73 74 65 a t i c s y s s t e 
2014-09-17 00:58:17 DEBUG Utils:? - 6D 61 74 69 63 73 79 01 17 23 m a t i c s y . . # 
2014-09-17 00:58:17 DEBUG Utils:? - 31 0A                         1 . 
2014-09-17 00:58:17 INFO  DocumentEditMessage:? - 14a44557-1f3f-412f-a23a-7f5a7187e537 's copy: systematicsysstematicsystematicsystematicsystematicsystematicsystematics
2014-09-17 00:58:17 INFO  DocumentEditMessage:? - 14a44557-1f3f-412f-a23a-7f5a7187e537 version: 4
2014-09-17 00:58:17 DEBUG DocumentEditMessage:? - 14a44557-1f3f-412f-a23a-7f5a7187e537 GCM ids: []
2014-09-17 00:58:17 DEBUG Utils:? - buffer : response
2014-09-17 00:58:17 DEBUG Utils:? - size : 6 bytes
2014-09-17 00:58:17 DEBUG Utils:? - 01 03 00 00 FF FF             . . . . . . 
2014-09-17 00:58:17 INFO  DsyncserverHandler:? - Message Responded :15
2014-09-17 00:58:41 INFO  DsyncserverHandler:? - Message Received from ip /127.0.0.1:36211:16
2014-09-17 00:58:41 DEBUG Utils:? - buffer : request
2014-09-17 00:58:41 DEBUG Utils:? - size : 67 bytes
2014-09-17 00:58:41 DEBUG Utils:? - 01 03 00 00 00 19 B8 46 7E 78 . . . . . . . F ~ x 
2014-09-17 00:58:41 DEBUG Utils:? - 10 FC 20 93 D6 47 41 A8 76 7C . .   . . G A . v | 
2014-09-17 00:58:41 DEBUG Utils:? - 41 E4 B0 0B 2B 78 30 F5 7D 3B A . . . + x 0 . } ; 
2014-09-17 00:58:41 DEBUG Utils:? - A2 6B DC A8 75 38 4F 0D D6 C3 . k . . u 8 O . . . 
2014-09-17 00:58:41 DEBUG Utils:? - C4 00 00 01 09 00 10 49 00 07 . . . . . . . I . . 
2014-09-17 00:58:41 DEBUG Utils:? - 03 01 61 6C 69 76 69 61 74 08 . . a l i v i a t . 
2014-09-17 00:58:41 DEBUG Utils:? - 23 42 06 00 00 00 03          # B . . . . . 
2014-09-17 00:58:41 INFO  MessageInterpreter:? - Authenticated message from user 1152921504606846979 with session d64741a8-767c-41e4-b846-7e7810fc2093
2014-09-17 00:58:41 INFO  MessageInterpreter:? - d64741a8-767c-41e4-b846-7e7810fc2093 :editing document - a26bdca8-7538-4f0d-b00b-2b7830f57d3b
2014-09-17 00:58:41 INFO  DocumentEditMessage:? - d64741a8-767c-41e4-b846-7e7810fc2093 :edited by the creator itself
2014-09-17 00:58:41 DEBUG DocumentEditMessage:? - d64741a8-767c-41e4-b846-7e7810fc2093 editors of the document- ["1152921504606846978"]
2014-09-17 00:58:41 DEBUG DocumentEditMessage:? - d64741a8-767c-41e4-b846-7e7810fc2093 readers of the document- ["1152921504606846978"]
2014-09-17 00:58:41 ERROR DocumentEditMessage:? - d64741a8-767c-41e4-b846-7e7810fc2093 sync check failed.. received version: 3, expected version: 5
2014-09-17 00:58:41 ERROR DocumentEditMessage:? - d64741a8-767c-41e4-b846-7e7810fc2093 sync check failed.. using dictionary no.  0
2014-09-17 00:58:41 ERROR DocumentEditMessage:? - d64741a8-767c-41e4-b846-7e7810fc2093actual content of the sender: aliviatliviatliviatliviatliviatliviatliviatliviatliviatliviatliviatliviat
2014-09-17 00:58:41 DEBUG Utils:? - buffer : diff_received
2014-09-17 00:58:41 DEBUG Utils:? - size : 25 bytes
2014-09-17 00:58:41 DEBUG Utils:? - D6 C3 C4 00 00 01 09 00 10 49 . . . . . . . . . I 
2014-09-17 00:58:41 DEBUG Utils:? - 00 07 03 01 61 6C 69 76 69 61 . . . . a l i v i a 
2014-09-17 00:58:41 DEBUG Utils:? - 74 08 23 42 06                t . # B . 
2014-09-17 00:58:41 INFO  DocumentEditMessage:? - d64741a8-767c-41e4-b846-7e7810fc2093 :dictionary updated
2014-09-17 00:58:41 INFO  DocumentEditMessage:? - d64741a8-767c-41e4-b846-7e7810fc2093 :new dictionary- aliviatliviatliviatliviatliviatliviatliviatliviatliviatliviatliviatliviat
2014-09-17 00:58:41 INFO  DocumentEditMessage:? - d64741a8-767c-41e4-b846-7e7810fc2093 's copy: aliviatliviatliviatliviatliviatliviatliviatliviatliviatliviatliviatliviat
2014-09-17 00:58:41 INFO  DocumentEditMessage:? - d64741a8-767c-41e4-b846-7e7810fc2093 version: 5
2014-09-17 00:58:41 DEBUG DocumentEditMessage:? - d64741a8-767c-41e4-b846-7e7810fc2093 GCM ids: []
2014-09-17 00:58:41 DEBUG Utils:? - buffer : response
2014-09-17 00:58:41 DEBUG Utils:? - size : 87 bytes
2014-09-17 00:58:41 DEBUG Utils:? - 01 03 00 00 80 08 00 00 00 05 . . . . . . . . . . 
2014-09-17 00:58:41 DEBUG Utils:? - 00 00 00 49 61 6C 69 76 69 61 . . . I a l i v i a 
2014-09-17 00:58:41 DEBUG Utils:? - 74 6C 69 76 69 61 74 6C 69 76 t l i v i a t l i v 
2014-09-17 00:58:41 DEBUG Utils:? - 69 61 74 6C 69 76 69 61 74 6C i a t l i v i a t l 
2014-09-17 00:58:41 DEBUG Utils:? - 69 76 69 61 74 6C 69 76 69 61 i v i a t l i v i a 
2014-09-17 00:58:41 DEBUG Utils:? - 74 6C 69 76 69 61 74 6C 69 76 t l i v i a t l i v 
2014-09-17 00:58:41 DEBUG Utils:? - 69 61 74 6C 69 76 69 61 74 6C i a t l i v i a t l 
2014-09-17 00:58:41 DEBUG Utils:? - 69 76 69 61 74 6C 69 76 69 61 i v i a t l i v i a 
2014-09-17 00:58:41 DEBUG Utils:? - 74 6C 69 76 69 61 74          t l i v i a t 
2014-09-17 00:58:41 INFO  DsyncserverHandler:? - Message Responded :16
2014-09-17 00:58:52 INFO  DsyncserverHandler:? - Message Received from ip /127.0.0.1:36213:17
2014-09-17 00:58:52 DEBUG Utils:? - buffer : request
2014-09-17 00:58:52 DEBUG Utils:? - size : 84 bytes
2014-09-17 00:58:52 DEBUG Utils:? - 01 03 00 00 00 2A A2 3A 7F 5A . . . . . * . :  Z 
2014-09-17 00:58:52 DEBUG Utils:? - 71 87 E5 37 14 A4 45 57 1F 3F q . . 7 . . E W  ? 
2014-09-17 00:58:52 DEBUG Utils:? - 41 2F B0 0B 2B 78 30 F5 7D 3B A / . . + x 0 . } ; 
2014-09-17 00:58:52 DEBUG Utils:? - A2 6B DC A8 75 38 4F 0D D6 C3 . k . . u 8 O . . . 
2014-09-17 00:58:52 DEBUG Utils:? - C4 00 00 01 09 00 21 48 00 17 . . . . . . ! H . . 
2014-09-17 00:58:52 DEBUG Utils:? - 04 01 73 79 73 74 65 6D 61 74 . . s y s t e m a t 
2014-09-17 00:58:52 DEBUG Utils:? - 69 63 73 79 73 73 74 65 6D 61 i c s y s s t e m a 
2014-09-17 00:58:52 DEBUG Utils:? - 74 69 63 73 79 01 17 23 31 0A t i c s y . . # 1 . 
2014-09-17 00:58:52 DEBUG Utils:? - 00 00 00 05                   . . . . 
2014-09-17 00:58:52 INFO  MessageInterpreter:? - Authenticated message from user 1152921504606846978 with session 14a44557-1f3f-412f-a23a-7f5a7187e537
2014-09-17 00:58:52 INFO  MessageInterpreter:? - 14a44557-1f3f-412f-a23a-7f5a7187e537 :editing document - a26bdca8-7538-4f0d-b00b-2b7830f57d3b
2014-09-17 00:58:52 DEBUG DocumentEditMessage:? - 14a44557-1f3f-412f-a23a-7f5a7187e537 editors of the document- ["1152921504606846978"]
2014-09-17 00:58:52 DEBUG DocumentEditMessage:? - 14a44557-1f3f-412f-a23a-7f5a7187e537 readers of the document- ["1152921504606846978"]
2014-09-17 00:58:52 INFO  DocumentEditMessage:? - 14a44557-1f3f-412f-a23a-7f5a7187e537 :edited as editor: 1152921504606846978
2014-09-17 00:58:52 ERROR DocumentEditMessage:? - 14a44557-1f3f-412f-a23a-7f5a7187e537 sync check failed.. received version: 5, expected version: 6
2014-09-17 00:58:52 ERROR DocumentEditMessage:? - 14a44557-1f3f-412f-a23a-7f5a7187e537 sync check failed.. using dictionary no.  1
2014-09-17 00:58:52 ERROR DocumentEditMessage:? - 14a44557-1f3f-412f-a23a-7f5a7187e537actual content of the sender: systematicsysstematicsystematicsystematicsystematicsystematicsystematics
2014-09-17 00:58:52 DEBUG Utils:? - buffer : diff_received
2014-09-17 00:58:52 DEBUG Utils:? - size : 42 bytes
2014-09-17 00:58:52 DEBUG Utils:? - D6 C3 C4 00 00 01 49 00 21 48 . . . . . . I . ! H 
2014-09-17 00:58:52 DEBUG Utils:? - 00 17 04 01 73 79 73 74 65 6D . . . . s y s t e m 
2014-09-17 00:58:52 DEBUG Utils:? - 61 74 69 63 73 79 73 73 74 65 a t i c s y s s t e 
2014-09-17 00:58:52 DEBUG Utils:? - 6D 61 74 69 63 73 79 01 17 23 m a t i c s y . . # 
2014-09-17 00:58:52 DEBUG Utils:? - 31 0A                         1 . 
2014-09-17 00:58:52 INFO  DocumentEditMessage:? - 14a44557-1f3f-412f-a23a-7f5a7187e537 's copy: systematicsysstematicsystematicsystematicsystematicsystematicsystematics
2014-09-17 00:58:52 INFO  DocumentEditMessage:? - 14a44557-1f3f-412f-a23a-7f5a7187e537 version: 6
2014-09-17 00:58:52 DEBUG DocumentEditMessage:? - 14a44557-1f3f-412f-a23a-7f5a7187e537 GCM ids: []
2014-09-17 00:58:52 DEBUG Utils:? - buffer : response
2014-09-17 00:58:52 DEBUG Utils:? - size : 87 bytes
2014-09-17 00:58:52 DEBUG Utils:? - 01 03 00 00 80 08 00 00 00 06 . . . . . . . . . . 
2014-09-17 00:58:52 DEBUG Utils:? - 00 00 00 49 61 6C 69 76 69 61 . . . I a l i v i a 
2014-09-17 00:58:52 DEBUG Utils:? - 74 6C 69 76 69 61 74 6C 69 76 t l i v i a t l i v 
2014-09-17 00:58:52 DEBUG Utils:? - 69 61 74 6C 69 76 69 61 74 6C i a t l i v i a t l 
2014-09-17 00:58:52 DEBUG Utils:? - 69 76 69 61 74 6C 69 76 69 61 i v i a t l i v i a 
2014-09-17 00:58:52 DEBUG Utils:? - 74 6C 69 76 69 61 74 6C 69 76 t l i v i a t l i v 
2014-09-17 00:58:52 DEBUG Utils:? - 69 61 74 6C 69 76 69 61 74 6C i a t l i v i a t l 
2014-09-17 00:58:52 DEBUG Utils:? - 69 76 69 61 74 6C 69 76 69 61 i v i a t l i v i a 
2014-09-17 00:58:52 DEBUG Utils:? - 74 6C 69 76 69 61 74          t l i v i a t 
2014-09-17 00:58:52 INFO  DsyncserverHandler:? - Message Responded :17
2014-09-17 01:00:04 INFO  DsyncserverHandler:? - Message Received from ip /127.0.0.1:36217:18
2014-09-17 01:00:04 DEBUG Utils:? - buffer : request
2014-09-17 01:00:04 DEBUG Utils:? - size : 84 bytes
2014-09-17 01:00:04 DEBUG Utils:? - 01 03 00 00 00 2A A2 3A 7F 5A . . . . . * . :  Z 
2014-09-17 01:00:04 DEBUG Utils:? - 71 87 E5 37 14 A4 45 57 1F 3F q . . 7 . . E W  ? 
2014-09-17 01:00:04 DEBUG Utils:? - 41 2F B0 0B 2B 78 30 F5 7D 3B A / . . + x 0 . } ; 
2014-09-17 01:00:04 DEBUG Utils:? - A2 6B DC A8 75 38 4F 0D D6 C3 . k . . u 8 O . . . 
2014-09-17 01:00:04 DEBUG Utils:? - C4 00 00 01 49 00 21 49 00 17 . . . . I . ! I . . 
2014-09-17 01:00:04 DEBUG Utils:? - 04 01 73 79 73 74 65 6D 61 74 . . s y s t e m a t 
2014-09-17 01:00:04 DEBUG Utils:? - 69 63 73 79 73 73 74 65 6D 61 i c s y s s t e m a 
2014-09-17 01:00:04 DEBUG Utils:? - 74 69 63 73 79 01 17 23 32 0A t i c s y . . # 2 . 
2014-09-17 01:00:04 DEBUG Utils:? - 00 00 00 07                   . . . . 
2014-09-17 01:00:04 INFO  MessageInterpreter:? - Authenticated message from user 1152921504606846978 with session 14a44557-1f3f-412f-a23a-7f5a7187e537
2014-09-17 01:00:04 INFO  MessageInterpreter:? - 14a44557-1f3f-412f-a23a-7f5a7187e537 :editing document - a26bdca8-7538-4f0d-b00b-2b7830f57d3b
2014-09-17 01:00:04 DEBUG DocumentEditMessage:? - 14a44557-1f3f-412f-a23a-7f5a7187e537 editors of the document- ["1152921504606846978"]
2014-09-17 01:00:04 DEBUG DocumentEditMessage:? - 14a44557-1f3f-412f-a23a-7f5a7187e537 readers of the document- ["1152921504606846978"]
2014-09-17 01:00:04 INFO  DocumentEditMessage:? - 14a44557-1f3f-412f-a23a-7f5a7187e537 :edited as editor: 1152921504606846978
2014-09-17 01:00:04 INFO  DocumentEditMessage:? - 14a44557-1f3f-412f-a23a-7f5a7187e537 :sync check passed
2014-09-17 01:00:04 DEBUG Utils:? - buffer : diff_received
2014-09-17 01:00:04 DEBUG Utils:? - size : 42 bytes
2014-09-17 01:00:04 DEBUG Utils:? - D6 C3 C4 00 00 01 49 00 21 49 . . . . . . I . ! I 
2014-09-17 01:00:04 DEBUG Utils:? - 00 17 04 01 73 79 73 74 65 6D . . . . s y s t e m 
2014-09-17 01:00:04 DEBUG Utils:? - 61 74 69 63 73 79 73 73 74 65 a t i c s y s s t e 
2014-09-17 01:00:04 DEBUG Utils:? - 6D 61 74 69 63 73 79 01 17 23 m a t i c s y . . # 
2014-09-17 01:00:04 DEBUG Utils:? - 32 0A                         2 . 
2014-09-17 01:00:04 INFO  DocumentEditMessage:? - 14a44557-1f3f-412f-a23a-7f5a7187e537 's copy: systematicsysstematicsystematicsystematicsystematicsystematicsystematicsy
2014-09-17 01:00:04 INFO  DocumentEditMessage:? - 14a44557-1f3f-412f-a23a-7f5a7187e537 version: 7
2014-09-17 01:00:04 DEBUG DocumentEditMessage:? - 14a44557-1f3f-412f-a23a-7f5a7187e537 GCM ids: []
2014-09-17 01:00:04 DEBUG Utils:? - buffer : response
2014-09-17 01:00:04 DEBUG Utils:? - size : 6 bytes
2014-09-17 01:00:04 DEBUG Utils:? - 01 03 00 00 FF FF             . . . . . . 
2014-09-17 01:00:04 INFO  DsyncserverHandler:? - Message Responded :18
2014-09-17 01:00:30 INFO  DsyncserverHandler:? - Message Received from ip /127.0.0.1:36220:19
2014-09-17 01:00:30 DEBUG Utils:? - buffer : request
2014-09-17 01:00:30 DEBUG Utils:? - size : 70 bytes
2014-09-17 01:00:30 DEBUG Utils:? - 01 03 00 00 00 1C A2 3A 7F 5A . . . . . . . :  Z 
2014-09-17 01:00:30 DEBUG Utils:? - 71 87 E5 37 14 A4 45 57 1F 3F q . . 7 . . E W  ? 
2014-09-17 01:00:30 DEBUG Utils:? - 41 2F B0 0B 2B 78 30 F5 7D 3B A / . . + x 0 . } ; 
2014-09-17 01:00:30 DEBUG Utils:? - A2 6B DC A8 75 38 4F 0D D6 C3 . k . . u 8 O . . . 
2014-09-17 01:00:30 DEBUG Utils:? - C4 00 00 01 49 00 13 29 00 09 . . . . I . . ) . . 
2014-09-17 01:00:30 DEBUG Utils:? - 04 01 31 32 33 34 35 36 34 35 . . 1 2 3 4 5 6 4 5 
2014-09-17 01:00:30 DEBUG Utils:? - 36 07 23 20 04 06 00 00 00 08 6 . #   . . . . . . 
2014-09-17 01:00:30 DEBUG Utils:? -                               
2014-09-17 01:00:30 INFO  MessageInterpreter:? - Authenticated message from user 1152921504606846978 with session 14a44557-1f3f-412f-a23a-7f5a7187e537
2014-09-17 01:00:30 INFO  MessageInterpreter:? - 14a44557-1f3f-412f-a23a-7f5a7187e537 :editing document - a26bdca8-7538-4f0d-b00b-2b7830f57d3b
2014-09-17 01:00:30 DEBUG DocumentEditMessage:? - 14a44557-1f3f-412f-a23a-7f5a7187e537 editors of the document- ["1152921504606846978"]
2014-09-17 01:00:30 DEBUG DocumentEditMessage:? - 14a44557-1f3f-412f-a23a-7f5a7187e537 readers of the document- ["1152921504606846978"]
2014-09-17 01:00:30 INFO  DocumentEditMessage:? - 14a44557-1f3f-412f-a23a-7f5a7187e537 :edited as editor: 1152921504606846978
2014-09-17 01:00:30 INFO  DocumentEditMessage:? - 14a44557-1f3f-412f-a23a-7f5a7187e537 :sync check passed
2014-09-17 01:00:30 DEBUG Utils:? - buffer : diff_received
2014-09-17 01:00:30 DEBUG Utils:? - size : 28 bytes
2014-09-17 01:00:30 DEBUG Utils:? - D6 C3 C4 00 00 01 49 00 13 29 . . . . . . I . . ) 
2014-09-17 01:00:30 DEBUG Utils:? - 00 09 04 01 31 32 33 34 35 36 . . . . 1 2 3 4 5 6 
2014-09-17 01:00:30 DEBUG Utils:? - 34 35 36 07 23 20 04 06       4 5 6 . #   . . 
2014-09-17 01:00:30 INFO  DocumentEditMessage:? - 14a44557-1f3f-412f-a23a-7f5a7187e537 's copy: 12345612345612345612345612345612345612456
2014-09-17 01:00:30 INFO  DocumentEditMessage:? - 14a44557-1f3f-412f-a23a-7f5a7187e537 version: 8
2014-09-17 01:00:30 DEBUG DocumentEditMessage:? - 14a44557-1f3f-412f-a23a-7f5a7187e537 GCM ids: []
2014-09-17 01:00:30 DEBUG Utils:? - buffer : response
2014-09-17 01:00:30 DEBUG Utils:? - size : 6 bytes
2014-09-17 01:00:30 DEBUG Utils:? - 01 03 00 00 FF FF             . . . . . . 
2014-09-17 01:00:30 INFO  DsyncserverHandler:? - Message Responded :19
2014-09-17 01:00:39 INFO  DsyncserverHandler:? - Message Received from ip /127.0.0.1:36221:20
2014-09-17 01:00:39 DEBUG Utils:? - buffer : request
2014-09-17 01:00:39 DEBUG Utils:? - size : 70 bytes
2014-09-17 01:00:39 DEBUG Utils:? - 01 03 00 00 00 1C A2 3A 7F 5A . . . . . . . :  Z 
2014-09-17 01:00:39 DEBUG Utils:? - 71 87 E5 37 14 A4 45 57 1F 3F q . . 7 . . E W  ? 
2014-09-17 01:00:39 DEBUG Utils:? - 41 2F B0 0B 2B 78 30 F5 7D 3B A / . . + x 0 . } ; 
2014-09-17 01:00:39 DEBUG Utils:? - A2 6B DC A8 75 38 4F 0D D6 C3 . k . . u 8 O . . . 
2014-09-17 01:00:39 DEBUG Utils:? - C4 00 00 01 49 00 13 29 00 09 . . . . I . . ) . . 
2014-09-17 01:00:39 DEBUG Utils:? - 04 01 31 32 33 34 35 36 34 35 . . 1 2 3 4 5 6 4 5 
2014-09-17 01:00:39 DEBUG Utils:? - 36 07 23 20 04 06 00 00 00 09 6 . #   . . . . . . 
2014-09-17 01:00:39 DEBUG Utils:? -                               
2014-09-17 01:00:39 INFO  MessageInterpreter:? - Authenticated message from user 1152921504606846978 with session 14a44557-1f3f-412f-a23a-7f5a7187e537
2014-09-17 01:00:39 INFO  MessageInterpreter:? - 14a44557-1f3f-412f-a23a-7f5a7187e537 :editing document - a26bdca8-7538-4f0d-b00b-2b7830f57d3b
2014-09-17 01:00:39 DEBUG DocumentEditMessage:? - 14a44557-1f3f-412f-a23a-7f5a7187e537 editors of the document- ["1152921504606846978"]
2014-09-17 01:00:39 DEBUG DocumentEditMessage:? - 14a44557-1f3f-412f-a23a-7f5a7187e537 readers of the document- ["1152921504606846978"]
2014-09-17 01:00:39 INFO  DocumentEditMessage:? - 14a44557-1f3f-412f-a23a-7f5a7187e537 :edited as editor: 1152921504606846978
2014-09-17 01:00:39 INFO  DocumentEditMessage:? - 14a44557-1f3f-412f-a23a-7f5a7187e537 :sync check passed
2014-09-17 01:00:39 DEBUG Utils:? - buffer : diff_received
2014-09-17 01:00:39 DEBUG Utils:? - size : 28 bytes
2014-09-17 01:00:39 DEBUG Utils:? - D6 C3 C4 00 00 01 49 00 13 29 . . . . . . I . . ) 
2014-09-17 01:00:39 DEBUG Utils:? - 00 09 04 01 31 32 33 34 35 36 . . . . 1 2 3 4 5 6 
2014-09-17 01:00:39 DEBUG Utils:? - 34 35 36 07 23 20 04 06       4 5 6 . #   . . 
2014-09-17 01:00:39 INFO  DocumentEditMessage:? - 14a44557-1f3f-412f-a23a-7f5a7187e537 's copy: 12345612345612345612345612345612345612456
2014-09-17 01:00:39 INFO  DocumentEditMessage:? - 14a44557-1f3f-412f-a23a-7f5a7187e537 version: 9
2014-09-17 01:00:39 DEBUG DocumentEditMessage:? - 14a44557-1f3f-412f-a23a-7f5a7187e537 GCM ids: []
2014-09-17 01:00:39 DEBUG Utils:? - buffer : response
2014-09-17 01:00:39 DEBUG Utils:? - size : 6 bytes
2014-09-17 01:00:39 DEBUG Utils:? - 01 03 00 00 FF FF             . . . . . . 
2014-09-17 01:00:39 INFO  DsyncserverHandler:? - Message Responded :20
2014-09-17 01:00:41 INFO  DsyncserverHandler:? - Message Received from ip /127.0.0.1:36221:21
2014-09-17 01:00:41 DEBUG Utils:? - buffer : request
2014-09-17 01:00:41 DEBUG Utils:? - size : 70 bytes
2014-09-17 01:00:41 DEBUG Utils:? - 01 03 00 00 00 1C A2 3A 7F 5A . . . . . . . :  Z 
2014-09-17 01:00:41 DEBUG Utils:? - 71 87 E5 37 14 A4 45 57 1F 3F q . . 7 . . E W  ? 
2014-09-17 01:00:41 DEBUG Utils:? - 41 2F B0 0B 2B 78 30 F5 7D 3B A / . . + x 0 . } ; 
2014-09-17 01:00:41 DEBUG Utils:? - A2 6B DC A8 75 38 4F 0D D6 C3 . k . . u 8 O . . . 
2014-09-17 01:00:41 DEBUG Utils:? - C4 00 00 01 49 00 13 29 00 09 . . . . I . . ) . . 
2014-09-17 01:00:41 DEBUG Utils:? - 04 01 31 32 33 34 35 36 34 35 . . 1 2 3 4 5 6 4 5 
2014-09-17 01:00:41 DEBUG Utils:? - 36 07 23 20 04 06 00 00 00 0A 6 . #   . . . . . . 
2014-09-17 01:00:41 DEBUG Utils:? -                               
2014-09-17 01:00:41 INFO  MessageInterpreter:? - Authenticated message from user 1152921504606846978 with session 14a44557-1f3f-412f-a23a-7f5a7187e537
2014-09-17 01:00:41 INFO  MessageInterpreter:? - 14a44557-1f3f-412f-a23a-7f5a7187e537 :editing document - a26bdca8-7538-4f0d-b00b-2b7830f57d3b
2014-09-17 01:00:41 DEBUG DocumentEditMessage:? - 14a44557-1f3f-412f-a23a-7f5a7187e537 editors of the document- ["1152921504606846978"]
2014-09-17 01:00:41 DEBUG DocumentEditMessage:? - 14a44557-1f3f-412f-a23a-7f5a7187e537 readers of the document- ["1152921504606846978"]
2014-09-17 01:00:41 INFO  DocumentEditMessage:? - 14a44557-1f3f-412f-a23a-7f5a7187e537 :edited as editor: 1152921504606846978
2014-09-17 01:00:41 INFO  DocumentEditMessage:? - 14a44557-1f3f-412f-a23a-7f5a7187e537 :sync check passed
2014-09-17 01:00:41 DEBUG Utils:? - buffer : diff_received
2014-09-17 01:00:41 DEBUG Utils:? - size : 28 bytes
2014-09-17 01:00:41 DEBUG Utils:? - D6 C3 C4 00 00 01 49 00 13 29 . . . . . . I . . ) 
2014-09-17 01:00:41 DEBUG Utils:? - 00 09 04 01 31 32 33 34 35 36 . . . . 1 2 3 4 5 6 
2014-09-17 01:00:41 DEBUG Utils:? - 34 35 36 07 23 20 04 06       4 5 6 . #   . . 
2014-09-17 01:00:41 INFO  DocumentEditMessage:? - 14a44557-1f3f-412f-a23a-7f5a7187e537 :dictionary updated
2014-09-17 01:00:41 INFO  DocumentEditMessage:? - 14a44557-1f3f-412f-a23a-7f5a7187e537 :new dictionary- 12345612345612345612345612345612345612456
2014-09-17 01:00:41 INFO  DocumentEditMessage:? - 14a44557-1f3f-412f-a23a-7f5a7187e537 's copy: 12345612345612345612345612345612345612456
2014-09-17 01:00:41 INFO  DocumentEditMessage:? - 14a44557-1f3f-412f-a23a-7f5a7187e537 version: 10
2014-09-17 01:00:41 DEBUG DocumentEditMessage:? - 14a44557-1f3f-412f-a23a-7f5a7187e537 GCM ids: []
2014-09-17 01:00:41 DEBUG Utils:? - buffer : response
2014-09-17 01:00:41 DEBUG Utils:? - size : 6 bytes
2014-09-17 01:00:41 DEBUG Utils:? - 01 03 00 00 FF FF             . . . . . . 
2014-09-17 01:00:41 INFO  DsyncserverHandler:? - Message Responded :21
2014-09-17 01:00:43 INFO  DsyncserverHandler:? - Message Received from ip /127.0.0.1:36221:22
2014-09-17 01:00:43 DEBUG Utils:? - buffer : request
2014-09-17 01:00:43 DEBUG Utils:? - size : 59 bytes
2014-09-17 01:00:43 DEBUG Utils:? - 01 03 00 00 00 11 A2 3A 7F 5A . . . . . . . :  Z 
2014-09-17 01:00:43 DEBUG Utils:? - 71 87 E5 37 14 A4 45 57 1F 3F q . . 7 . . E W  ? 
2014-09-17 01:00:43 DEBUG Utils:? - 41 2F B0 0B 2B 78 30 F5 7D 3B A / . . + x 0 . } ; 
2014-09-17 01:00:43 DEBUG Utils:? - A2 6B DC A8 75 38 4F 0D D6 C3 . k . . u 8 O . . . 
2014-09-17 01:00:43 DEBUG Utils:? - C4 00 00 01 29 00 08 29 00 00 . . . . ) . . ) . . 
2014-09-17 01:00:43 DEBUG Utils:? - 02 01 73 29 00 00 00 00 0B    . . s ) . . . . . 
2014-09-17 01:00:43 INFO  MessageInterpreter:? - Authenticated message from user 1152921504606846978 with session 14a44557-1f3f-412f-a23a-7f5a7187e537
2014-09-17 01:00:43 INFO  MessageInterpreter:? - 14a44557-1f3f-412f-a23a-7f5a7187e537 :editing document - a26bdca8-7538-4f0d-b00b-2b7830f57d3b
2014-09-17 01:00:43 DEBUG DocumentEditMessage:? - 14a44557-1f3f-412f-a23a-7f5a7187e537 editors of the document- ["1152921504606846978"]
2014-09-17 01:00:43 DEBUG DocumentEditMessage:? - 14a44557-1f3f-412f-a23a-7f5a7187e537 readers of the document- ["1152921504606846978"]
2014-09-17 01:00:43 INFO  DocumentEditMessage:? - 14a44557-1f3f-412f-a23a-7f5a7187e537 :edited as editor: 1152921504606846978
2014-09-17 01:00:43 INFO  DocumentEditMessage:? - 14a44557-1f3f-412f-a23a-7f5a7187e537 :sync check passed
2014-09-17 01:00:43 DEBUG Utils:? - buffer : diff_received
2014-09-17 01:00:43 DEBUG Utils:? - size : 17 bytes
2014-09-17 01:00:43 DEBUG Utils:? - D6 C3 C4 00 00 01 29 00 08 29 . . . . . . ) . . ) 
2014-09-17 01:00:43 DEBUG Utils:? - 00 00 02 01 73 29 00          . . . . s ) . 
2014-09-17 01:00:43 INFO  DocumentEditMessage:? - 14a44557-1f3f-412f-a23a-7f5a7187e537 's copy: 12345612345612345612345612345612345612456
2014-09-17 01:00:43 INFO  DocumentEditMessage:? - 14a44557-1f3f-412f-a23a-7f5a7187e537 version: 11
2014-09-17 01:00:43 DEBUG DocumentEditMessage:? - 14a44557-1f3f-412f-a23a-7f5a7187e537 GCM ids: []
2014-09-17 01:00:43 DEBUG Utils:? - buffer : response
2014-09-17 01:00:43 DEBUG Utils:? - size : 6 bytes
2014-09-17 01:00:43 DEBUG Utils:? - 01 03 00 00 FF FF             . . . . . . 
2014-09-17 01:00:43 INFO  DsyncserverHandler:? - Message Responded :22
2014-09-17 01:00:44 INFO  DsyncserverHandler:? - Message Received from ip /127.0.0.1:36221:23
2014-09-17 01:00:44 DEBUG Utils:? - buffer : request
2014-09-17 01:00:44 DEBUG Utils:? - size : 59 bytes
2014-09-17 01:00:44 DEBUG Utils:? - 01 03 00 00 00 11 A2 3A 7F 5A . . . . . . . :  Z 
2014-09-17 01:00:44 DEBUG Utils:? - 71 87 E5 37 14 A4 45 57 1F 3F q . . 7 . . E W  ? 
2014-09-17 01:00:44 DEBUG Utils:? - 41 2F B0 0B 2B 78 30 F5 7D 3B A / . . + x 0 . } ; 
2014-09-17 01:00:44 DEBUG Utils:? - A2 6B DC A8 75 38 4F 0D D6 C3 . k . . u 8 O . . . 
2014-09-17 01:00:44 DEBUG Utils:? - C4 00 00 01 29 00 08 29 00 00 . . . . ) . . ) . . 
2014-09-17 01:00:44 DEBUG Utils:? - 02 01 73 29 00 00 00 00 0C    . . s ) . . . . . 
2014-09-17 01:00:44 INFO  MessageInterpreter:? - Authenticated message from user 1152921504606846978 with session 14a44557-1f3f-412f-a23a-7f5a7187e537
2014-09-17 01:00:44 INFO  MessageInterpreter:? - 14a44557-1f3f-412f-a23a-7f5a7187e537 :editing document - a26bdca8-7538-4f0d-b00b-2b7830f57d3b
2014-09-17 01:00:44 DEBUG DocumentEditMessage:? - 14a44557-1f3f-412f-a23a-7f5a7187e537 editors of the document- ["1152921504606846978"]
2014-09-17 01:00:44 DEBUG DocumentEditMessage:? - 14a44557-1f3f-412f-a23a-7f5a7187e537 readers of the document- ["1152921504606846978"]
2014-09-17 01:00:44 INFO  DocumentEditMessage:? - 14a44557-1f3f-412f-a23a-7f5a7187e537 :edited as editor: 1152921504606846978
2014-09-17 01:00:44 INFO  DocumentEditMessage:? - 14a44557-1f3f-412f-a23a-7f5a7187e537 :sync check passed
2014-09-17 01:00:44 DEBUG Utils:? - buffer : diff_received
2014-09-17 01:00:44 DEBUG Utils:? - size : 17 bytes
2014-09-17 01:00:44 DEBUG Utils:? - D6 C3 C4 00 00 01 29 00 08 29 . . . . . . ) . . ) 
2014-09-17 01:00:44 DEBUG Utils:? - 00 00 02 01 73 29 00          . . . . s ) . 
2014-09-17 01:00:44 INFO  DocumentEditMessage:? - 14a44557-1f3f-412f-a23a-7f5a7187e537 's copy: 12345612345612345612345612345612345612456
2014-09-17 01:00:44 INFO  DocumentEditMessage:? - 14a44557-1f3f-412f-a23a-7f5a7187e537 version: 12
2014-09-17 01:00:44 DEBUG DocumentEditMessage:? - 14a44557-1f3f-412f-a23a-7f5a7187e537 GCM ids: []
2014-09-17 01:00:44 DEBUG Utils:? - buffer : response
2014-09-17 01:00:44 DEBUG Utils:? - size : 6 bytes
2014-09-17 01:00:44 DEBUG Utils:? - 01 03 00 00 FF FF             . . . . . . 
2014-09-17 01:00:44 INFO  DsyncserverHandler:? - Message Responded :23
2014-09-17 01:01:01 INFO  DsyncserverHandler:? - Message Received from ip /127.0.0.1:36223:24
2014-09-17 01:01:01 DEBUG Utils:? - buffer : request
2014-09-17 01:01:01 DEBUG Utils:? - size : 76 bytes
2014-09-17 01:01:01 DEBUG Utils:? - 01 03 00 00 00 22 A2 3A 7F 5A . . . . . " . :  Z 
2014-09-17 01:01:01 DEBUG Utils:? - 71 87 E5 37 14 A4 45 57 1F 3F q . . 7 . . E W  ? 
2014-09-17 01:01:01 DEBUG Utils:? - 41 2F B0 0B 2B 78 30 F5 7D 3B A / . . + x 0 . } ; 
2014-09-17 01:01:01 DEBUG Utils:? - A2 6B DC A8 75 38 4F 0D D6 C3 . k . . u 8 O . . . 
2014-09-17 01:01:01 DEBUG Utils:? - C4 00 00 01 29 00 19 60 00 10 . . . . ) . . ` . . 
2014-09-17 01:01:01 DEBUG Utils:? - 03 01 67 61 66 61 6A 64 68 6B . . g a f a j d h k 
2014-09-17 01:01:01 DEBUG Utils:? - 61 73 6E 66 64 6B 6A 6E 11 23 a s n f d k j n . # 
2014-09-17 01:01:01 DEBUG Utils:? - 50 10 00 00 00 0D             P . . . . . 
2014-09-17 01:01:01 INFO  MessageInterpreter:? - Authenticated message from user 1152921504606846978 with session 14a44557-1f3f-412f-a23a-7f5a7187e537
2014-09-17 01:01:01 INFO  MessageInterpreter:? - 14a44557-1f3f-412f-a23a-7f5a7187e537 :editing document - a26bdca8-7538-4f0d-b00b-2b7830f57d3b
2014-09-17 01:01:01 DEBUG DocumentEditMessage:? - 14a44557-1f3f-412f-a23a-7f5a7187e537 editors of the document- ["1152921504606846978"]
2014-09-17 01:01:01 DEBUG DocumentEditMessage:? - 14a44557-1f3f-412f-a23a-7f5a7187e537 readers of the document- ["1152921504606846978"]
2014-09-17 01:01:01 INFO  DocumentEditMessage:? - 14a44557-1f3f-412f-a23a-7f5a7187e537 :edited as editor: 1152921504606846978
2014-09-17 01:01:01 INFO  DocumentEditMessage:? - 14a44557-1f3f-412f-a23a-7f5a7187e537 :sync check passed
2014-09-17 01:01:01 DEBUG Utils:? - buffer : diff_received
2014-09-17 01:01:01 DEBUG Utils:? - size : 34 bytes
2014-09-17 01:01:01 DEBUG Utils:? - D6 C3 C4 00 00 01 29 00 19 60 . . . . . . ) . . ` 
2014-09-17 01:01:01 DEBUG Utils:? - 00 10 03 01 67 61 66 61 6A 64 . . . . g a f a j d 
2014-09-17 01:01:01 DEBUG Utils:? - 68 6B 61 73 6E 66 64 6B 6A 6E h k a s n f d k j n 
2014-09-17 01:01:01 DEBUG Utils:? - 11 23 50 10                   . # P . 
2014-09-17 01:01:01 INFO  DocumentEditMessage:? - 14a44557-1f3f-412f-a23a-7f5a7187e537 's copy: gafajdhkasnfdkjngafajdhkasnfdkjngafajdhkasnfdkjngafajdhkasnfdkjngafajdhkasnfdkjngafajdhkasnfdkjn
2014-09-17 01:01:01 INFO  DocumentEditMessage:? - 14a44557-1f3f-412f-a23a-7f5a7187e537 version: 13
2014-09-17 01:01:01 DEBUG DocumentEditMessage:? - 14a44557-1f3f-412f-a23a-7f5a7187e537 GCM ids: []
2014-09-17 01:01:01 DEBUG Utils:? - buffer : response
2014-09-17 01:01:01 DEBUG Utils:? - size : 6 bytes
2014-09-17 01:01:01 DEBUG Utils:? - 01 03 00 00 FF FF             . . . . . . 
2014-09-17 01:01:01 INFO  DsyncserverHandler:? - Message Responded :24
2014-09-17 01:01:05 INFO  DsyncserverHandler:? - Message Received from ip /127.0.0.1:36223:25
2014-09-17 01:01:05 DEBUG Utils:? - buffer : request
2014-09-17 01:01:05 DEBUG Utils:? - size : 76 bytes
2014-09-17 01:01:05 DEBUG Utils:? - 01 03 00 00 00 22 A2 3A 7F 5A . . . . . " . :  Z 
2014-09-17 01:01:05 DEBUG Utils:? - 71 87 E5 37 14 A4 45 57 1F 3F q . . 7 . . E W  ? 
2014-09-17 01:01:05 DEBUG Utils:? - 41 2F B0 0B 2B 78 30 F5 7D 3B A / . . + x 0 . } ; 
2014-09-17 01:01:05 DEBUG Utils:? - A2 6B DC A8 75 38 4F 0D D6 C3 . k . . u 8 O . . . 
2014-09-17 01:01:05 DEBUG Utils:? - C4 00 00 01 29 00 19 5F 00 10 . . . . ) . . _ . . 
2014-09-17 01:01:05 DEBUG Utils:? - 03 01 67 61 66 61 6A 64 68 6B . . g a f a j d h k 
2014-09-17 01:01:05 DEBUG Utils:? - 61 73 6E 66 64 6B 6A 6E 11 23 a s n f d k j n . # 
2014-09-17 01:01:05 DEBUG Utils:? - 4F 10 00 00 00 0E             O . . . . . 
2014-09-17 01:01:05 INFO  MessageInterpreter:? - Authenticated message from user 1152921504606846978 with session 14a44557-1f3f-412f-a23a-7f5a7187e537
2014-09-17 01:01:05 INFO  MessageInterpreter:? - 14a44557-1f3f-412f-a23a-7f5a7187e537 :editing document - a26bdca8-7538-4f0d-b00b-2b7830f57d3b
2014-09-17 01:01:05 DEBUG DocumentEditMessage:? - 14a44557-1f3f-412f-a23a-7f5a7187e537 editors of the document- ["1152921504606846978"]
2014-09-17 01:01:05 DEBUG DocumentEditMessage:? - 14a44557-1f3f-412f-a23a-7f5a7187e537 readers of the document- ["1152921504606846978"]
2014-09-17 01:01:05 INFO  DocumentEditMessage:? - 14a44557-1f3f-412f-a23a-7f5a7187e537 :edited as editor: 1152921504606846978
2014-09-17 01:01:05 INFO  DocumentEditMessage:? - 14a44557-1f3f-412f-a23a-7f5a7187e537 :sync check passed
2014-09-17 01:01:05 DEBUG Utils:? - buffer : diff_received
2014-09-17 01:01:05 DEBUG Utils:? - size : 34 bytes
2014-09-17 01:01:05 DEBUG Utils:? - D6 C3 C4 00 00 01 29 00 19 5F . . . . . . ) . . _ 
2014-09-17 01:01:05 DEBUG Utils:? - 00 10 03 01 67 61 66 61 6A 64 . . . . g a f a j d 
2014-09-17 01:01:05 DEBUG Utils:? - 68 6B 61 73 6E 66 64 6B 6A 6E h k a s n f d k j n 
2014-09-17 01:01:05 DEBUG Utils:? - 11 23 4F 10                   . # O . 
2014-09-17 01:01:05 INFO  DocumentEditMessage:? - 14a44557-1f3f-412f-a23a-7f5a7187e537 's copy: gafajdhkasnfdkjngafajdhkasnfdkjngafajdhkasnfdkjngafajdhkasnfdkjngafajdhkasnfdkjngafajdhkasnfdkj
2014-09-17 01:01:05 INFO  DocumentEditMessage:? - 14a44557-1f3f-412f-a23a-7f5a7187e537 version: 14
2014-09-17 01:01:05 DEBUG DocumentEditMessage:? - 14a44557-1f3f-412f-a23a-7f5a7187e537 GCM ids: []
2014-09-17 01:01:05 DEBUG Utils:? - buffer : response
2014-09-17 01:01:05 DEBUG Utils:? - size : 6 bytes
2014-09-17 01:01:05 DEBUG Utils:? - 01 03 00 00 FF FF             . . . . . . 
2014-09-17 01:01:05 INFO  DsyncserverHandler:? - Message Responded :25
2014-09-17 01:01:07 INFO  DsyncserverHandler:? - Message Received from ip /127.0.0.1:36223:26
2014-09-17 01:01:07 DEBUG Utils:? - buffer : request
2014-09-17 01:01:07 DEBUG Utils:? - size : 76 bytes
2014-09-17 01:01:07 DEBUG Utils:? - 01 03 00 00 00 22 A2 3A 7F 5A . . . . . " . :  Z 
2014-09-17 01:01:07 DEBUG Utils:? - 71 87 E5 37 14 A4 45 57 1F 3F q . . 7 . . E W  ? 
2014-09-17 01:01:07 DEBUG Utils:? - 41 2F B0 0B 2B 78 30 F5 7D 3B A / . . + x 0 . } ; 
2014-09-17 01:01:07 DEBUG Utils:? - A2 6B DC A8 75 38 4F 0D D6 C3 . k . . u 8 O . . . 
2014-09-17 01:01:07 DEBUG Utils:? - C4 00 00 01 29 00 19 5F 00 10 . . . . ) . . _ . . 
2014-09-17 01:01:07 DEBUG Utils:? - 03 01 67 61 66 61 6A 64 68 6B . . g a f a j d h k 
2014-09-17 01:01:07 DEBUG Utils:? - 61 73 6E 66 64 6B 6A 6E 11 23 a s n f d k j n . # 
2014-09-17 01:01:07 DEBUG Utils:? - 4F 10 00 00 00 0F             O . . . . . 
2014-09-17 01:01:07 INFO  MessageInterpreter:? - Authenticated message from user 1152921504606846978 with session 14a44557-1f3f-412f-a23a-7f5a7187e537
2014-09-17 01:01:07 INFO  MessageInterpreter:? - 14a44557-1f3f-412f-a23a-7f5a7187e537 :editing document - a26bdca8-7538-4f0d-b00b-2b7830f57d3b
2014-09-17 01:01:07 DEBUG DocumentEditMessage:? - 14a44557-1f3f-412f-a23a-7f5a7187e537 editors of the document- ["1152921504606846978"]
2014-09-17 01:01:07 DEBUG DocumentEditMessage:? - 14a44557-1f3f-412f-a23a-7f5a7187e537 readers of the document- ["1152921504606846978"]
2014-09-17 01:01:07 INFO  DocumentEditMessage:? - 14a44557-1f3f-412f-a23a-7f5a7187e537 :edited as editor: 1152921504606846978
2014-09-17 01:01:07 INFO  DocumentEditMessage:? - 14a44557-1f3f-412f-a23a-7f5a7187e537 :sync check passed
2014-09-17 01:01:07 DEBUG Utils:? - buffer : diff_received
2014-09-17 01:01:07 DEBUG Utils:? - size : 34 bytes
2014-09-17 01:01:07 DEBUG Utils:? - D6 C3 C4 00 00 01 29 00 19 5F . . . . . . ) . . _ 
2014-09-17 01:01:07 DEBUG Utils:? - 00 10 03 01 67 61 66 61 6A 64 . . . . g a f a j d 
2014-09-17 01:01:07 DEBUG Utils:? - 68 6B 61 73 6E 66 64 6B 6A 6E h k a s n f d k j n 
2014-09-17 01:01:07 DEBUG Utils:? - 11 23 4F 10                   . # O . 
2014-09-17 01:01:07 INFO  DocumentEditMessage:? - 14a44557-1f3f-412f-a23a-7f5a7187e537 :dictionary updated
2014-09-17 01:01:07 INFO  DocumentEditMessage:? - 14a44557-1f3f-412f-a23a-7f5a7187e537 :new dictionary- gafajdhkasnfdkjngafajdhkasnfdkjngafajdhkasnfdkjngafajdhkasnfdkjngafajdhkasnfdkjngafajdhkasnfdkj
2014-09-17 01:01:07 INFO  DocumentEditMessage:? - 14a44557-1f3f-412f-a23a-7f5a7187e537 's copy: gafajdhkasnfdkjngafajdhkasnfdkjngafajdhkasnfdkjngafajdhkasnfdkjngafajdhkasnfdkjngafajdhkasnfdkj
2014-09-17 01:01:07 INFO  DocumentEditMessage:? - 14a44557-1f3f-412f-a23a-7f5a7187e537 version: 15
2014-09-17 01:01:07 DEBUG DocumentEditMessage:? - 14a44557-1f3f-412f-a23a-7f5a7187e537 GCM ids: []
2014-09-17 01:01:07 DEBUG Utils:? - buffer : response
2014-09-17 01:01:07 DEBUG Utils:? - size : 6 bytes
2014-09-17 01:01:07 DEBUG Utils:? - 01 03 00 00 FF FF             . . . . . . 
2014-09-17 01:01:07 INFO  DsyncserverHandler:? - Message Responded :26
2014-09-17 01:01:11 INFO  DsyncserverHandler:? - Message Received from ip /127.0.0.1:36223:27
2014-09-17 01:01:11 DEBUG Utils:? - buffer : request
2014-09-17 01:01:11 DEBUG Utils:? - size : 59 bytes
2014-09-17 01:01:11 DEBUG Utils:? - 01 03 00 00 00 11 A2 3A 7F 5A . . . . . . . :  Z 
2014-09-17 01:01:11 DEBUG Utils:? - 71 87 E5 37 14 A4 45 57 1F 3F q . . 7 . . E W  ? 
2014-09-17 01:01:11 DEBUG Utils:? - 41 2F B0 0B 2B 78 30 F5 7D 3B A / . . + x 0 . } ; 
2014-09-17 01:01:11 DEBUG Utils:? - A2 6B DC A8 75 38 4F 0D D6 C3 . k . . u 8 O . . . 
2014-09-17 01:01:11 DEBUG Utils:? - C4 00 00 01 5F 00 08 5F 00 00 . . . . _ . . _ . . 
2014-09-17 01:01:11 DEBUG Utils:? - 02 01 73 5F 00 00 00 00 10    . . s _ . . . . . 
2014-09-17 01:01:11 INFO  MessageInterpreter:? - Authenticated message from user 1152921504606846978 with session 14a44557-1f3f-412f-a23a-7f5a7187e537
2014-09-17 01:01:11 INFO  MessageInterpreter:? - 14a44557-1f3f-412f-a23a-7f5a7187e537 :editing document - a26bdca8-7538-4f0d-b00b-2b7830f57d3b
2014-09-17 01:01:11 DEBUG DocumentEditMessage:? - 14a44557-1f3f-412f-a23a-7f5a7187e537 editors of the document- ["1152921504606846978"]
2014-09-17 01:01:11 DEBUG DocumentEditMessage:? - 14a44557-1f3f-412f-a23a-7f5a7187e537 readers of the document- ["1152921504606846978"]
2014-09-17 01:01:11 INFO  DocumentEditMessage:? - 14a44557-1f3f-412f-a23a-7f5a7187e537 :edited as editor: 1152921504606846978
2014-09-17 01:01:11 INFO  DocumentEditMessage:? - 14a44557-1f3f-412f-a23a-7f5a7187e537 :sync check passed
2014-09-17 01:01:11 DEBUG Utils:? - buffer : diff_received
2014-09-17 01:01:11 DEBUG Utils:? - size : 17 bytes
2014-09-17 01:01:11 DEBUG Utils:? - D6 C3 C4 00 00 01 5F 00 08 5F . . . . . . _ . . _ 
2014-09-17 01:01:11 DEBUG Utils:? - 00 00 02 01 73 5F 00          . . . . s _ . 
2014-09-17 01:01:11 INFO  DocumentEditMessage:? - 14a44557-1f3f-412f-a23a-7f5a7187e537 's copy: gafajdhkasnfdkjngafajdhkasnfdkjngafajdhkasnfdkjngafajdhkasnfdkjngafajdhkasnfdkjngafajdhkasnfdkj
2014-09-17 01:01:11 INFO  DocumentEditMessage:? - 14a44557-1f3f-412f-a23a-7f5a7187e537 version: 16
2014-09-17 01:01:11 DEBUG DocumentEditMessage:? - 14a44557-1f3f-412f-a23a-7f5a7187e537 GCM ids: []
2014-09-17 01:01:11 DEBUG Utils:? - buffer : response
2014-09-17 01:01:11 DEBUG Utils:? - size : 6 bytes
2014-09-17 01:01:11 DEBUG Utils:? - 01 03 00 00 FF FF             . . . . . . 
2014-09-17 01:01:11 INFO  DsyncserverHandler:? - Message Responded :27
2014-09-17 01:01:29 INFO  DsyncserverHandler:? - Message Received from ip /127.0.0.1:36226:28
2014-09-17 01:01:29 DEBUG Utils:? - buffer : request
2014-09-17 01:01:29 DEBUG Utils:? - size : 69 bytes
2014-09-17 01:01:29 DEBUG Utils:? - 01 03 00 00 00 1B A2 3A 7F 5A . . . . . . . :  Z 
2014-09-17 01:01:29 DEBUG Utils:? - 71 87 E5 37 14 A4 45 57 1F 3F q . . 7 . . E W  ? 
2014-09-17 01:01:29 DEBUG Utils:? - 41 2F B0 0B 2B 78 30 F5 7D 3B A / . . + x 0 . } ; 
2014-09-17 01:01:29 DEBUG Utils:? - A2 6B DC A8 75 38 4F 0D D6 C3 . k . . u 8 O . . . 
2014-09-17 01:01:29 DEBUG Utils:? - C4 00 00 01 5F 00 12 63 00 09 . . . . _ . . c . . 
2014-09-17 01:01:29 DEBUG Utils:? - 03 01 73 70 69 63 65 74 68 69 . . s p i c e t h i 
2014-09-17 01:01:29 DEBUG Utils:? - 73 0A 23 5A 09 00 00 00 11    s . # Z . . . . . 
2014-09-17 01:01:29 INFO  MessageInterpreter:? - Authenticated message from user 1152921504606846978 with session 14a44557-1f3f-412f-a23a-7f5a7187e537
2014-09-17 01:01:29 INFO  MessageInterpreter:? - 14a44557-1f3f-412f-a23a-7f5a7187e537 :editing document - a26bdca8-7538-4f0d-b00b-2b7830f57d3b
2014-09-17 01:01:29 DEBUG DocumentEditMessage:? - 14a44557-1f3f-412f-a23a-7f5a7187e537 editors of the document- ["1152921504606846978"]
2014-09-17 01:01:29 DEBUG DocumentEditMessage:? - 14a44557-1f3f-412f-a23a-7f5a7187e537 readers of the document- ["1152921504606846978"]
2014-09-17 01:01:29 INFO  DocumentEditMessage:? - 14a44557-1f3f-412f-a23a-7f5a7187e537 :edited as editor: 1152921504606846978
2014-09-17 01:01:29 INFO  DocumentEditMessage:? - 14a44557-1f3f-412f-a23a-7f5a7187e537 :sync check passed
2014-09-17 01:01:29 DEBUG Utils:? - buffer : diff_received
2014-09-17 01:01:29 DEBUG Utils:? - size : 27 bytes
2014-09-17 01:01:29 DEBUG Utils:? - D6 C3 C4 00 00 01 5F 00 12 63 . . . . . . _ . . c 
2014-09-17 01:01:29 DEBUG Utils:? - 00 09 03 01 73 70 69 63 65 74 . . . . s p i c e t 
2014-09-17 01:01:29 DEBUG Utils:? - 68 69 73 0A 23 5A 09          h i s . # Z . 
2014-09-17 01:01:29 INFO  DocumentEditMessage:? - 14a44557-1f3f-412f-a23a-7f5a7187e537 's copy: spicethisspicethisspicethisspicethisspicethisspicethisspicethisspicethisspicethisspicethisspicethis
2014-09-17 01:01:29 INFO  DocumentEditMessage:? - 14a44557-1f3f-412f-a23a-7f5a7187e537 version: 17
2014-09-17 01:01:29 DEBUG DocumentEditMessage:? - 14a44557-1f3f-412f-a23a-7f5a7187e537 GCM ids: []
2014-09-17 01:01:29 DEBUG Utils:? - buffer : response
2014-09-17 01:01:29 DEBUG Utils:? - size : 6 bytes
2014-09-17 01:01:29 DEBUG Utils:? - 01 03 00 00 FF FF             . . . . . . 
2014-09-17 01:01:29 INFO  DsyncserverHandler:? - Message Responded :28
2014-09-17 01:01:35 INFO  DsyncserverHandler:? - Message Received from ip /127.0.0.1:36227:29
2014-09-17 01:01:35 DEBUG Utils:? - buffer : request
2014-09-17 01:01:35 DEBUG Utils:? - size : 69 bytes
2014-09-17 01:01:35 DEBUG Utils:? - 01 03 00 00 00 1B A2 3A 7F 5A . . . . . . . :  Z 
2014-09-17 01:01:35 DEBUG Utils:? - 71 87 E5 37 14 A4 45 57 1F 3F q . . 7 . . E W  ? 
2014-09-17 01:01:35 DEBUG Utils:? - 41 2F B0 0B 2B 78 30 F5 7D 3B A / . . + x 0 . } ; 
2014-09-17 01:01:35 DEBUG Utils:? - A2 6B DC A8 75 38 4F 0D D6 C3 . k . . u 8 O . . . 
2014-09-17 01:01:35 DEBUG Utils:? - C4 00 00 01 5F 00 12 60 00 09 . . . . _ . . ` . . 
2014-09-17 01:01:35 DEBUG Utils:? - 03 01 73 70 69 63 65 74 68 69 . . s p i c e t h i 
2014-09-17 01:01:35 DEBUG Utils:? - 73 0A 23 57 09 00 00 00 12    s . # W . . . . . 
2014-09-17 01:01:35 INFO  MessageInterpreter:? - Authenticated message from user 1152921504606846978 with session 14a44557-1f3f-412f-a23a-7f5a7187e537
2014-09-17 01:01:35 INFO  MessageInterpreter:? - 14a44557-1f3f-412f-a23a-7f5a7187e537 :editing document - a26bdca8-7538-4f0d-b00b-2b7830f57d3b
2014-09-17 01:01:35 DEBUG DocumentEditMessage:? - 14a44557-1f3f-412f-a23a-7f5a7187e537 editors of the document- ["1152921504606846978"]
2014-09-17 01:01:35 DEBUG DocumentEditMessage:? - 14a44557-1f3f-412f-a23a-7f5a7187e537 readers of the document- ["1152921504606846978"]
2014-09-17 01:01:35 INFO  DocumentEditMessage:? - 14a44557-1f3f-412f-a23a-7f5a7187e537 :edited as editor: 1152921504606846978
2014-09-17 01:01:35 INFO  DocumentEditMessage:? - 14a44557-1f3f-412f-a23a-7f5a7187e537 :sync check passed
2014-09-17 01:01:35 DEBUG Utils:? - buffer : diff_received
2014-09-17 01:01:35 DEBUG Utils:? - size : 27 bytes
2014-09-17 01:01:35 DEBUG Utils:? - D6 C3 C4 00 00 01 5F 00 12 60 . . . . . . _ . . ` 
2014-09-17 01:01:35 DEBUG Utils:? - 00 09 03 01 73 70 69 63 65 74 . . . . s p i c e t 
2014-09-17 01:01:35 DEBUG Utils:? - 68 69 73 0A 23 57 09          h i s . # W . 
2014-09-17 01:01:35 INFO  DocumentEditMessage:? - 14a44557-1f3f-412f-a23a-7f5a7187e537 's copy: spicethisspicethisspicethisspicethisspicethisspicethisspicethisspicethisspicethisspicethisspicet
2014-09-17 01:01:35 INFO  DocumentEditMessage:? - 14a44557-1f3f-412f-a23a-7f5a7187e537 version: 18
2014-09-17 01:01:35 DEBUG DocumentEditMessage:? - 14a44557-1f3f-412f-a23a-7f5a7187e537 GCM ids: []
2014-09-17 01:01:35 DEBUG Utils:? - buffer : response
2014-09-17 01:01:35 DEBUG Utils:? - size : 6 bytes
2014-09-17 01:01:35 DEBUG Utils:? - 01 03 00 00 FF FF             . . . . . . 
2014-09-17 01:01:35 INFO  DsyncserverHandler:? - Message Responded :29
2014-09-17 01:01:36 INFO  DsyncserverHandler:? - Message Received from ip /127.0.0.1:36227:30
2014-09-17 01:01:36 DEBUG Utils:? - buffer : request
2014-09-17 01:01:36 DEBUG Utils:? - size : 69 bytes
2014-09-17 01:01:36 DEBUG Utils:? - 01 03 00 00 00 1B A2 3A 7F 5A . . . . . . . :  Z 
2014-09-17 01:01:36 DEBUG Utils:? - 71 87 E5 37 14 A4 45 57 1F 3F q . . 7 . . E W  ? 
2014-09-17 01:01:36 DEBUG Utils:? - 41 2F B0 0B 2B 78 30 F5 7D 3B A / . . + x 0 . } ; 
2014-09-17 01:01:36 DEBUG Utils:? - A2 6B DC A8 75 38 4F 0D D6 C3 . k . . u 8 O . . . 
2014-09-17 01:01:36 DEBUG Utils:? - C4 00 00 01 5F 00 12 60 00 09 . . . . _ . . ` . . 
2014-09-17 01:01:36 DEBUG Utils:? - 03 01 73 70 69 63 65 74 68 69 . . s p i c e t h i 
2014-09-17 01:01:36 DEBUG Utils:? - 73 0A 23 57 09 00 00 00 13    s . # W . . . . . 
2014-09-17 01:01:36 INFO  MessageInterpreter:? - Authenticated message from user 1152921504606846978 with session 14a44557-1f3f-412f-a23a-7f5a7187e537
2014-09-17 01:01:36 INFO  MessageInterpreter:? - 14a44557-1f3f-412f-a23a-7f5a7187e537 :editing document - a26bdca8-7538-4f0d-b00b-2b7830f57d3b
2014-09-17 01:01:36 DEBUG DocumentEditMessage:? - 14a44557-1f3f-412f-a23a-7f5a7187e537 editors of the document- ["1152921504606846978"]
2014-09-17 01:01:36 DEBUG DocumentEditMessage:? - 14a44557-1f3f-412f-a23a-7f5a7187e537 readers of the document- ["1152921504606846978"]
2014-09-17 01:01:36 INFO  DocumentEditMessage:? - 14a44557-1f3f-412f-a23a-7f5a7187e537 :edited as editor: 1152921504606846978
2014-09-17 01:01:36 INFO  DocumentEditMessage:? - 14a44557-1f3f-412f-a23a-7f5a7187e537 :sync check passed
2014-09-17 01:01:36 DEBUG Utils:? - buffer : diff_received
2014-09-17 01:01:36 DEBUG Utils:? - size : 27 bytes
2014-09-17 01:01:36 DEBUG Utils:? - D6 C3 C4 00 00 01 5F 00 12 60 . . . . . . _ . . ` 
2014-09-17 01:01:36 DEBUG Utils:? - 00 09 03 01 73 70 69 63 65 74 . . . . s p i c e t 
2014-09-17 01:01:36 DEBUG Utils:? - 68 69 73 0A 23 57 09          h i s . # W . 
2014-09-17 01:01:36 INFO  DocumentEditMessage:? - 14a44557-1f3f-412f-a23a-7f5a7187e537 's copy: spicethisspicethisspicethisspicethisspicethisspicethisspicethisspicethisspicethisspicethisspicet
2014-09-17 01:01:36 INFO  DocumentEditMessage:? - 14a44557-1f3f-412f-a23a-7f5a7187e537 version: 19
2014-09-17 01:01:36 DEBUG DocumentEditMessage:? - 14a44557-1f3f-412f-a23a-7f5a7187e537 GCM ids: []
2014-09-17 01:01:36 DEBUG Utils:? - buffer : response
2014-09-17 01:01:36 DEBUG Utils:? - size : 6 bytes
2014-09-17 01:01:36 DEBUG Utils:? - 01 03 00 00 FF FF             . . . . . . 
2014-09-17 01:01:36 INFO  DsyncserverHandler:? - Message Responded :30
2014-09-17 01:01:37 INFO  DsyncserverHandler:? - Message Received from ip /127.0.0.1:36227:31
2014-09-17 01:01:37 DEBUG Utils:? - buffer : request
2014-09-17 01:01:37 DEBUG Utils:? - size : 69 bytes
2014-09-17 01:01:37 DEBUG Utils:? - 01 03 00 00 00 1B A2 3A 7F 5A . . . . . . . :  Z 
2014-09-17 01:01:37 DEBUG Utils:? - 71 87 E5 37 14 A4 45 57 1F 3F q . . 7 . . E W  ? 
2014-09-17 01:01:37 DEBUG Utils:? - 41 2F B0 0B 2B 78 30 F5 7D 3B A / . . + x 0 . } ; 
2014-09-17 01:01:37 DEBUG Utils:? - A2 6B DC A8 75 38 4F 0D D6 C3 . k . . u 8 O . . . 
2014-09-17 01:01:37 DEBUG Utils:? - C4 00 00 01 5F 00 12 60 00 09 . . . . _ . . ` . . 
2014-09-17 01:01:37 DEBUG Utils:? - 03 01 73 70 69 63 65 74 68 69 . . s p i c e t h i 
2014-09-17 01:01:37 DEBUG Utils:? - 73 0A 23 57 09 00 00 00 14    s . # W . . . . . 
2014-09-17 01:01:37 INFO  MessageInterpreter:? - Authenticated message from user 1152921504606846978 with session 14a44557-1f3f-412f-a23a-7f5a7187e537
2014-09-17 01:01:37 INFO  MessageInterpreter:? - 14a44557-1f3f-412f-a23a-7f5a7187e537 :editing document - a26bdca8-7538-4f0d-b00b-2b7830f57d3b
2014-09-17 01:01:37 DEBUG DocumentEditMessage:? - 14a44557-1f3f-412f-a23a-7f5a7187e537 editors of the document- ["1152921504606846978"]
2014-09-17 01:01:37 DEBUG DocumentEditMessage:? - 14a44557-1f3f-412f-a23a-7f5a7187e537 readers of the document- ["1152921504606846978"]
2014-09-17 01:01:37 INFO  DocumentEditMessage:? - 14a44557-1f3f-412f-a23a-7f5a7187e537 :edited as editor: 1152921504606846978
2014-09-17 01:01:37 INFO  DocumentEditMessage:? - 14a44557-1f3f-412f-a23a-7f5a7187e537 :sync check passed
2014-09-17 01:01:37 DEBUG Utils:? - buffer : diff_received
2014-09-17 01:01:37 DEBUG Utils:? - size : 27 bytes
2014-09-17 01:01:37 DEBUG Utils:? - D6 C3 C4 00 00 01 5F 00 12 60 . . . . . . _ . . ` 
2014-09-17 01:01:37 DEBUG Utils:? - 00 09 03 01 73 70 69 63 65 74 . . . . s p i c e t 
2014-09-17 01:01:37 DEBUG Utils:? - 68 69 73 0A 23 57 09          h i s . # W . 
2014-09-17 01:01:37 INFO  DocumentEditMessage:? - 14a44557-1f3f-412f-a23a-7f5a7187e537 :dictionary updated
2014-09-17 01:01:37 INFO  DocumentEditMessage:? - 14a44557-1f3f-412f-a23a-7f5a7187e537 :new dictionary- spicethisspicethisspicethisspicethisspicethisspicethisspicethisspicethisspicethisspicethisspicet
2014-09-17 01:01:37 INFO  DocumentEditMessage:? - 14a44557-1f3f-412f-a23a-7f5a7187e537 's copy: spicethisspicethisspicethisspicethisspicethisspicethisspicethisspicethisspicethisspicethisspicet
2014-09-17 01:01:37 INFO  DocumentEditMessage:? - 14a44557-1f3f-412f-a23a-7f5a7187e537 version: 20
2014-09-17 01:01:37 DEBUG DocumentEditMessage:? - 14a44557-1f3f-412f-a23a-7f5a7187e537 GCM ids: []
2014-09-17 01:01:37 DEBUG Utils:? - buffer : response
2014-09-17 01:01:37 DEBUG Utils:? - size : 6 bytes
2014-09-17 01:01:37 DEBUG Utils:? - 01 03 00 00 FF FF             . . . . . . 
2014-09-17 01:01:37 INFO  DsyncserverHandler:? - Message Responded :31
2014-09-17 01:01:40 INFO  DsyncserverHandler:? - Message Received from ip /127.0.0.1:36227:32
2014-09-17 01:01:40 DEBUG Utils:? - buffer : request
2014-09-17 01:01:40 DEBUG Utils:? - size : 59 bytes
2014-09-17 01:01:40 DEBUG Utils:? - 01 03 00 00 00 11 A2 3A 7F 5A . . . . . . . :  Z 
2014-09-17 01:01:40 DEBUG Utils:? - 71 87 E5 37 14 A4 45 57 1F 3F q . . 7 . . E W  ? 
2014-09-17 01:01:40 DEBUG Utils:? - 41 2F B0 0B 2B 78 30 F5 7D 3B A / . . + x 0 . } ; 
2014-09-17 01:01:40 DEBUG Utils:? - A2 6B DC A8 75 38 4F 0D D6 C3 . k . . u 8 O . . . 
2014-09-17 01:01:40 DEBUG Utils:? - C4 00 00 01 60 00 08 60 00 00 . . . . ` . . ` . . 
2014-09-17 01:01:40 DEBUG Utils:? - 02 01 73 60 00 00 00 00 15    . . s ` . . . . . 
2014-09-17 01:01:40 INFO  MessageInterpreter:? - Authenticated message from user 1152921504606846978 with session 14a44557-1f3f-412f-a23a-7f5a7187e537
2014-09-17 01:01:40 INFO  MessageInterpreter:? - 14a44557-1f3f-412f-a23a-7f5a7187e537 :editing document - a26bdca8-7538-4f0d-b00b-2b7830f57d3b
2014-09-17 01:01:40 DEBUG DocumentEditMessage:? - 14a44557-1f3f-412f-a23a-7f5a7187e537 editors of the document- ["1152921504606846978"]
2014-09-17 01:01:40 DEBUG DocumentEditMessage:? - 14a44557-1f3f-412f-a23a-7f5a7187e537 readers of the document- ["1152921504606846978"]
2014-09-17 01:01:40 INFO  DocumentEditMessage:? - 14a44557-1f3f-412f-a23a-7f5a7187e537 :edited as editor: 1152921504606846978
2014-09-17 01:01:40 INFO  DocumentEditMessage:? - 14a44557-1f3f-412f-a23a-7f5a7187e537 :sync check passed
2014-09-17 01:01:40 DEBUG Utils:? - buffer : diff_received
2014-09-17 01:01:40 DEBUG Utils:? - size : 17 bytes
2014-09-17 01:01:40 DEBUG Utils:? - D6 C3 C4 00 00 01 60 00 08 60 . . . . . . ` . . ` 
2014-09-17 01:01:40 DEBUG Utils:? - 00 00 02 01 73 60 00          . . . . s ` . 
2014-09-17 01:01:40 INFO  DocumentEditMessage:? - 14a44557-1f3f-412f-a23a-7f5a7187e537 's copy: spicethisspicethisspicethisspicethisspicethisspicethisspicethisspicethisspicethisspicethisspicet
2014-09-17 01:01:40 INFO  DocumentEditMessage:? - 14a44557-1f3f-412f-a23a-7f5a7187e537 version: 21
2014-09-17 01:01:40 DEBUG DocumentEditMessage:? - 14a44557-1f3f-412f-a23a-7f5a7187e537 GCM ids: []
2014-09-17 01:01:40 DEBUG Utils:? - buffer : response
2014-09-17 01:01:40 DEBUG Utils:? - size : 6 bytes
2014-09-17 01:01:40 DEBUG Utils:? - 01 03 00 00 FF FF             . . . . . . 
2014-09-17 01:01:40 INFO  DsyncserverHandler:? - Message Responded :32
2014-09-17 01:01:58 INFO  DsyncserverHandler:? - Message Received from ip /127.0.0.1:36229:33
2014-09-17 01:01:58 DEBUG Utils:? - buffer : request
2014-09-17 01:01:58 DEBUG Utils:? - size : 67 bytes
2014-09-17 01:01:58 DEBUG Utils:? - 01 03 00 00 00 19 B8 46 7E 78 . . . . . . . F ~ x 
2014-09-17 01:01:58 DEBUG Utils:? - 10 FC 20 93 D6 47 41 A8 76 7C . .   . . G A . v | 
2014-09-17 01:01:58 DEBUG Utils:? - 41 E4 B0 0B 2B 78 30 F5 7D 3B A . . . + x 0 . } ; 
2014-09-17 01:01:58 DEBUG Utils:? - A2 6B DC A8 75 38 4F 0D D6 C3 . k . . u 8 O . . . 
2014-09-17 01:01:58 DEBUG Utils:? - C4 00 00 01 49 00 10 0A 00 0A . . . . I . . . . . 
2014-09-17 01:01:58 DEBUG Utils:? - 01 00 73 61 63 72 65 6D 65 6E . . s a c r e m e n 
2014-09-17 01:01:58 DEBUG Utils:? - 74 6F 0B 00 00 00 06          t o . . . . . 
2014-09-17 01:01:58 INFO  MessageInterpreter:? - Authenticated message from user 1152921504606846979 with session d64741a8-767c-41e4-b846-7e7810fc2093
2014-09-17 01:01:58 INFO  MessageInterpreter:? - d64741a8-767c-41e4-b846-7e7810fc2093 :editing document - a26bdca8-7538-4f0d-b00b-2b7830f57d3b
2014-09-17 01:01:58 INFO  DocumentEditMessage:? - d64741a8-767c-41e4-b846-7e7810fc2093 :edited by the creator itself
2014-09-17 01:01:58 DEBUG DocumentEditMessage:? - d64741a8-767c-41e4-b846-7e7810fc2093 editors of the document- ["1152921504606846978"]
2014-09-17 01:01:58 DEBUG DocumentEditMessage:? - d64741a8-767c-41e4-b846-7e7810fc2093 readers of the document- ["1152921504606846978"]
2014-09-17 01:01:58 ERROR DocumentEditMessage:? - d64741a8-767c-41e4-b846-7e7810fc2093 sync check failed.. received version: 6, expected version: 22
2014-09-17 01:01:58 ERROR DocumentEditMessage:? - d64741a8-767c-41e4-b846-7e7810fc2093 sync check failed.. using dictionary no.  1
2014-09-17 01:01:58 ERROR DocumentEditMessage:? - d64741a8-767c-41e4-b846-7e7810fc2093actual content of the sender: sacremento
2014-09-17 01:01:58 DEBUG Utils:? - buffer : diff_received
2014-09-17 01:01:58 DEBUG Utils:? - size : 25 bytes
2014-09-17 01:01:58 DEBUG Utils:? - D6 C3 C4 00 00 01 60 00 10 0A . . . . . . ` . . . 
2014-09-17 01:01:58 DEBUG Utils:? - 00 0A 01 00 73 61 63 72 65 6D . . . . s a c r e m 
2014-09-17 01:01:58 DEBUG Utils:? - 65 6E 74 6F 0B                e n t o . 
2014-09-17 01:01:58 INFO  DocumentEditMessage:? - d64741a8-767c-41e4-b846-7e7810fc2093 's copy: sacremento
2014-09-17 01:01:58 INFO  DocumentEditMessage:? - d64741a8-767c-41e4-b846-7e7810fc2093 version: 22
2014-09-17 01:01:58 DEBUG DocumentEditMessage:? - d64741a8-767c-41e4-b846-7e7810fc2093 GCM ids: []
2014-09-17 01:01:58 DEBUG Utils:? - buffer : response
2014-09-17 01:01:58 DEBUG Utils:? - size : 110 bytes
2014-09-17 01:01:58 DEBUG Utils:? - 01 03 00 00 80 08 00 00 00 16 . . . . . . . . . . 
2014-09-17 01:01:58 DEBUG Utils:? - 00 00 00 60 73 70 69 63 65 74 . . . ` s p i c e t 
2014-09-17 01:01:58 DEBUG Utils:? - 68 69 73 73 70 69 63 65 74 68 h i s s p i c e t h 
2014-09-17 01:01:58 DEBUG Utils:? - 69 73 73 70 69 63 65 74 68 69 i s s p i c e t h i 
2014-09-17 01:01:58 DEBUG Utils:? - 73 73 70 69 63 65 74 68 69 73 s s p i c e t h i s 
2014-09-17 01:01:58 DEBUG Utils:? - 73 70 69 63 65 74 68 69 73 73 s p i c e t h i s s 
2014-09-17 01:01:58 DEBUG Utils:? - 70 69 63 65 74 68 69 73 73 70 p i c e t h i s s p 
2014-09-17 01:01:58 DEBUG Utils:? - 69 63 65 74 68 69 73 73 70 69 i c e t h i s s p i 
2014-09-17 01:01:58 DEBUG Utils:? - 63 65 74 68 69 73 73 70 69 63 c e t h i s s p i c 
2014-09-17 01:01:58 DEBUG Utils:? - 65 74 68 69 73 73 70 69 63 65 e t h i s s p i c e 
2014-09-17 01:01:58 DEBUG Utils:? - 74 68 69 73 73 70 69 63 65 74 t h i s s p i c e t 
2014-09-17 01:01:58 DEBUG Utils:? -                               
2014-09-17 01:01:58 INFO  DsyncserverHandler:? - Message Responded :33
2014-09-20 10:38:01 INFO  Dsyncserver:39 - kickstarting server..
2014-09-20 10:38:03 DEBUG InternalLoggerFactory:46 - Using Log4J as the default logging framework
2014-09-20 10:38:03 DEBUG MultithreadEventLoopGroup:41 - -Dio.netty.eventLoopThreads: 8
2014-09-20 10:38:03 DEBUG PlatformDependent:463 - UID: 0
2014-09-20 10:38:03 DEBUG PlatformDependent:540 - Java version: 7
2014-09-20 10:38:03 DEBUG PlatformDependent:547 - -Dio.netty.noUnsafe: false
2014-09-20 10:38:03 DEBUG PlatformDependent0:61 - sun.nio.ch.DirectBuffer.cleaner(): available
2014-09-20 10:38:03 DEBUG PlatformDependent0:81 - java.nio.Buffer.address: available
2014-09-20 10:38:03 DEBUG PlatformDependent0:89 - sun.misc.Unsafe.theUnsafe: available
2014-09-20 10:38:03 DEBUG PlatformDependent0:99 - sun.misc.Unsafe.copyMemory: available
2014-09-20 10:38:03 DEBUG PlatformDependent0:138 - java.nio.Bits.unaligned: true
2014-09-20 10:38:03 DEBUG PlatformDependent:574 - sun.misc.Unsafe: available
2014-09-20 10:38:03 DEBUG PlatformDependent:657 - -Dio.netty.noJavassist: false
2014-09-20 10:38:03 DEBUG PlatformDependent:670 - Javassist: unavailable
2014-09-20 10:38:03 DEBUG PlatformDependent:671 - You don't have Javassist in your class path or you don't have enough permission to load dynamically generated classes.  Please check the configuration for better performance.
2014-09-20 10:38:03 DEBUG PlatformDependent:689 - -Dio.netty.tmpdir: /tmp (java.io.tmpdir)
2014-09-20 10:38:03 DEBUG PlatformDependent:770 - -Dio.netty.bitMode: 32 (sun.arch.data.model)
2014-09-20 10:38:03 DEBUG PlatformDependent:86 - -Dio.netty.noPreferDirect: false
2014-09-20 10:38:03 DEBUG NioEventLoop:88 - -Dio.netty.noKeySetOptimization: false
2014-09-20 10:38:03 DEBUG NioEventLoop:89 - -Dio.netty.selectorAutoRebuildThreshold: 512
2014-09-20 10:38:03 DEBUG ThreadLocalRandom:147 - -Dio.netty.initialSeedUniquifier: 0xe35ed441c97f1057
2014-09-20 10:38:03 DEBUG ChannelOutboundBuffer:57 - -Dio.netty.threadLocalDirectBufferSize: 65536
2014-09-20 10:38:03 DEBUG Recycler:50 - -Dio.netty.recycler.maxCapacity.default: 262144
2014-09-20 10:38:03 DEBUG ByteBufUtil:55 - -Dio.netty.allocator.type: unpooled
2014-09-20 10:38:03 DEBUG NetUtil:155 - Loopback interface: lo (lo, 0:0:0:0:0:0:0:1%1)
2014-09-20 10:38:03 DEBUG NetUtil:187 - /proc/sys/net/core/somaxconn: 128
2014-09-20 10:38:03 INFO  Dsyncserver:67 - com.neoba.Dsyncserver started and listen on /0:0:0:0:0:0:0:0:2811
2014-09-20 10:38:20 DEBUG ResourceLeakDetector:91 - -Dio.netty.leakDetectionLevel: simple
2014-09-20 10:38:20 INFO  DsyncserverHandler:43 - Message Received from ip /127.0.0.1:41230:1
2014-09-20 10:38:20 DEBUG Utils:25 - buffer : request
2014-09-20 10:38:20 DEBUG Utils:26 - size : 39 bytes
2014-09-20 10:38:20 DEBUG Utils:43 - 01 06 00 00 00 01 6E D1 85 4C . . . . . . n . . L 
2014-09-20 10:38:20 DEBUG Utils:43 - AE 89 1E C7 B2 91 61 CC AF 79 . .  . . . a . . y 
2014-09-20 10:38:20 DEBUG Utils:43 - A2 4B 00 C2 74 BD AA 0C 00 00 . K . . t . . . . . 
2014-09-20 10:38:20 DEBUG Utils:43 - 00 07 43 4F 4E 53 4F 4C 45    . . C O N S O L E 
2014-09-20 10:38:20 INFO  MessageInterpreter:50 - Version of client too old: 1
2014-09-20 10:38:20 DEBUG Utils:25 - buffer : response
2014-09-20 10:38:20 DEBUG Utils:26 - size : 6 bytes
2014-09-20 10:38:20 DEBUG Utils:43 - 02 06 00 00 80 0F             . . . . . . 
2014-09-20 10:38:20 INFO  DsyncserverHandler:49 - Message Responded :1
2014-09-20 10:38:30 INFO  DsyncserverHandler:43 - Message Received from ip /127.0.0.1:41231:2
2014-09-20 10:38:30 DEBUG Utils:25 - buffer : request
2014-09-20 10:38:30 DEBUG Utils:26 - size : 6 bytes
2014-09-20 10:38:30 DEBUG Utils:43 - 01 01 50 49 4E 47             . . P I N G 
2014-09-20 10:38:30 INFO  MessageInterpreter:50 - Version of client too old: 1
2014-09-20 10:38:30 DEBUG Utils:25 - buffer : response
2014-09-20 10:38:30 DEBUG Utils:26 - size : 6 bytes
2014-09-20 10:38:30 DEBUG Utils:43 - 02 01 00 00 80 0F             . . . . . . 
2014-09-20 10:38:30 INFO  DsyncserverHandler:49 - Message Responded :2
2014-09-20 10:40:55 INFO  DsyncserverHandler:43 - Message Received from ip /127.0.0.1:41232:3
2014-09-20 10:40:55 DEBUG Utils:25 - buffer : request
2014-09-20 10:40:55 DEBUG Utils:26 - size : 6 bytes
2014-09-20 10:40:55 DEBUG Utils:43 - 02 01 50 49 4E 47             . . P I N G 
2014-09-20 10:40:55 INFO  MessageInterpreter:55 - Ping received
2014-09-20 10:40:55 DEBUG Utils:25 - buffer : response
2014-09-20 10:40:55 DEBUG Utils:26 - size : 6 bytes
2014-09-20 10:40:55 DEBUG Utils:43 - 02 01 50 4F 4E 47             . . P O N G 
2014-09-20 10:40:55 INFO  DsyncserverHandler:49 - Message Responded :3
2014-09-20 13:09:57 INFO  Dsyncserver:39 - kickstarting server..
2014-09-20 13:09:58 DEBUG InternalLoggerFactory:46 - Using Log4J as the default logging framework
2014-09-20 13:09:58 DEBUG MultithreadEventLoopGroup:41 - -Dio.netty.eventLoopThreads: 8
2014-09-20 13:09:58 DEBUG PlatformDependent:463 - UID: 0
2014-09-20 13:09:58 DEBUG PlatformDependent:540 - Java version: 7
2014-09-20 13:09:59 DEBUG PlatformDependent:547 - -Dio.netty.noUnsafe: false
2014-09-20 13:09:59 DEBUG PlatformDependent0:61 - sun.nio.ch.DirectBuffer.cleaner(): available
2014-09-20 13:09:59 DEBUG PlatformDependent0:81 - java.nio.Buffer.address: available
2014-09-20 13:09:59 DEBUG PlatformDependent0:89 - sun.misc.Unsafe.theUnsafe: available
2014-09-20 13:09:59 DEBUG PlatformDependent0:99 - sun.misc.Unsafe.copyMemory: available
2014-09-20 13:09:59 DEBUG PlatformDependent0:138 - java.nio.Bits.unaligned: true
2014-09-20 13:09:59 DEBUG PlatformDependent:574 - sun.misc.Unsafe: available
2014-09-20 13:09:59 DEBUG PlatformDependent:657 - -Dio.netty.noJavassist: false
2014-09-20 13:09:59 DEBUG PlatformDependent:670 - Javassist: unavailable
2014-09-20 13:09:59 DEBUG PlatformDependent:671 - You don't have Javassist in your class path or you don't have enough permission to load dynamically generated classes.  Please check the configuration for better performance.
2014-09-20 13:09:59 DEBUG PlatformDependent:689 - -Dio.netty.tmpdir: /tmp (java.io.tmpdir)
2014-09-20 13:09:59 DEBUG PlatformDependent:770 - -Dio.netty.bitMode: 32 (sun.arch.data.model)
2014-09-20 13:09:59 DEBUG PlatformDependent:86 - -Dio.netty.noPreferDirect: false
2014-09-20 13:09:59 DEBUG NioEventLoop:88 - -Dio.netty.noKeySetOptimization: false
2014-09-20 13:09:59 DEBUG NioEventLoop:89 - -Dio.netty.selectorAutoRebuildThreshold: 512
2014-09-20 13:09:59 DEBUG ThreadLocalRandom:147 - -Dio.netty.initialSeedUniquifier: 0x9c789a857eafcc23
2014-09-20 13:09:59 DEBUG ChannelOutboundBuffer:57 - -Dio.netty.threadLocalDirectBufferSize: 65536
2014-09-20 13:09:59 DEBUG Recycler:50 - -Dio.netty.recycler.maxCapacity.default: 262144
2014-09-20 13:09:59 DEBUG ByteBufUtil:55 - -Dio.netty.allocator.type: unpooled
2014-09-20 13:09:59 DEBUG NetUtil:155 - Loopback interface: lo (lo, 0:0:0:0:0:0:0:1%1)
2014-09-20 13:09:59 DEBUG NetUtil:187 - /proc/sys/net/core/somaxconn: 128
2014-09-20 13:09:59 INFO  Dsyncserver:67 - com.neoba.Dsyncserver started and listen on /0:0:0:0:0:0:0:0:2811
2014-09-20 13:10:09 DEBUG ResourceLeakDetector:91 - -Dio.netty.leakDetectionLevel: simple
2014-09-20 13:10:09 INFO  DsyncserverHandler:43 - Message Received from ip /127.0.0.1:41237:1
2014-09-20 13:10:09 DEBUG Utils:25 - buffer : request
2014-09-20 13:10:09 DEBUG Utils:26 - size : 6 bytes
2014-09-20 13:10:09 DEBUG Utils:43 - 02 01 50 49 4E 47             . . P I N G 
2014-09-20 13:10:09 INFO  MessageInterpreter:55 - Ping received
2014-09-20 13:10:09 DEBUG Utils:25 - buffer : response
2014-09-20 13:10:09 DEBUG Utils:26 - size : 6 bytes
2014-09-20 13:10:09 DEBUG Utils:43 - 02 01 50 4F 4E 47             . . P O N G 
2014-09-20 13:10:09 INFO  DsyncserverHandler:49 - Message Responded :1
